Determining if the ucol_setMaxVariable exist failed with the following output:
Change Dir: /root/git/coreclr/bin/obj/Linux.x64.Debug/CMakeFiles/CMakeTmp

Run Build Command:/usr/bin/make "cmTryCompileExec2236589985/fast"
/usr/bin/make -f CMakeFiles/cmTryCompileExec2236589985.dir/build.make CMakeFiles/cmTryCompileExec2236589985.dir/build
make[1]: Entering directory `/root/git/coreclr/bin/obj/Linux.x64.Debug/CMakeFiles/CMakeTmp'
/usr/bin/cmake -E cmake_progress_report /root/git/coreclr/bin/obj/Linux.x64.Debug/CMakeFiles/CMakeTmp/CMakeFiles 1
Building C object CMakeFiles/cmTryCompileExec2236589985.dir/CheckSymbolExists.c.o
/usr/bin/clang-3.5   -Wall -std=c11  -I/usr/include/x86_64-linux-gnu -I/usr/local/opt/icu4c/include    -o CMakeFiles/cmTryCompileExec2236589985.dir/CheckSymbolExists.c.o   -c /root/git/coreclr/bin/obj/Linux.x64.Debug/CMakeFiles/CMakeTmp/CheckSymbolExists.c
/root/git/coreclr/bin/obj/Linux.x64.Debug/CMakeFiles/CMakeTmp/CheckSymbolExists.c:8:19: error: use of undeclared identifier 'ucol_setMaxVariable'
  return ((int*)(&ucol_setMaxVariable))[argc];
                  ^
1 error generated.
make[1]: Leaving directory `/root/git/coreclr/bin/obj/Linux.x64.Debug/CMakeFiles/CMakeTmp'
make[1]: *** [CMakeFiles/cmTryCompileExec2236589985.dir/CheckSymbolExists.c.o] Error 1
make: *** [cmTryCompileExec2236589985/fast] Error 2

File /root/git/coreclr/bin/obj/Linux.x64.Debug/CMakeFiles/CMakeTmp/CheckSymbolExists.c:
/* */
#include <unicode/ucol.h>

int main(int argc, char** argv)
{
  (void)argv;
#ifndef ucol_setMaxVariable
  return ((int*)(&ucol_setMaxVariable))[argc];
#else
  (void)argc;
  return 0;
#endif
}

Determining if files ieeefp.h exist failed with the following output:
Change Dir: /root/git/coreclr/bin/obj/Linux.x64.Debug/CMakeFiles/CMakeTmp

Run Build Command:/usr/bin/make "cmTryCompileExec2867850505/fast"
/usr/bin/make -f CMakeFiles/cmTryCompileExec2867850505.dir/build.make CMakeFiles/cmTryCompileExec2867850505.dir/build
make[1]: Entering directory `/root/git/coreclr/bin/obj/Linux.x64.Debug/CMakeFiles/CMakeTmp'
/usr/bin/cmake -E cmake_progress_report /root/git/coreclr/bin/obj/Linux.x64.Debug/CMakeFiles/CMakeTmp/CMakeFiles 1
Building C object CMakeFiles/cmTryCompileExec2867850505.dir/CheckIncludeFiles.c.o
/usr/bin/clang-3.5  -D_DEFAULT_SOURCE -D_FILE_OFFSET_BITS=64 -D_POSIX_C_SOURCE=200809L -Wall -std=c11    -o CMakeFiles/cmTryCompileExec2867850505.dir/CheckIncludeFiles.c.o   -c /root/git/coreclr/bin/obj/Linux.x64.Debug/CMakeFiles/CMakeTmp/CheckIncludeFiles.c
/root/git/coreclr/bin/obj/Linux.x64.Debug/CMakeFiles/CMakeTmp/CheckIncludeFiles.c:2:10: fatal error: 'ieeefp.h' file not found
#include <ieeefp.h>
         ^
1 error generated.
make[1]: Leaving directory `/root/git/coreclr/bin/obj/Linux.x64.Debug/CMakeFiles/CMakeTmp'
make[1]: *** [CMakeFiles/cmTryCompileExec2867850505.dir/CheckIncludeFiles.c.o] Error 1
make: *** [cmTryCompileExec2867850505/fast] Error 2

Source:
/* */
#include <ieeefp.h>


int main(){return 0;}

Determining if files sys/vmparam.h exist failed with the following output:
Change Dir: /root/git/coreclr/bin/obj/Linux.x64.Debug/CMakeFiles/CMakeTmp

Run Build Command:/usr/bin/make "cmTryCompileExec3366424932/fast"
/usr/bin/make -f CMakeFiles/cmTryCompileExec3366424932.dir/build.make CMakeFiles/cmTryCompileExec3366424932.dir/build
make[1]: Entering directory `/root/git/coreclr/bin/obj/Linux.x64.Debug/CMakeFiles/CMakeTmp'
/usr/bin/cmake -E cmake_progress_report /root/git/coreclr/bin/obj/Linux.x64.Debug/CMakeFiles/CMakeTmp/CMakeFiles 1
Building C object CMakeFiles/cmTryCompileExec3366424932.dir/CheckIncludeFiles.c.o
/usr/bin/clang-3.5  -D_DEFAULT_SOURCE -D_FILE_OFFSET_BITS=64 -D_POSIX_C_SOURCE=200809L -Wall -std=c11    -o CMakeFiles/cmTryCompileExec3366424932.dir/CheckIncludeFiles.c.o   -c /root/git/coreclr/bin/obj/Linux.x64.Debug/CMakeFiles/CMakeTmp/CheckIncludeFiles.c
/root/git/coreclr/bin/obj/Linux.x64.Debug/CMakeFiles/CMakeTmp/CheckIncludeFiles.c:2:10: fatal error: 'sys/vmparam.h' file not found
#include <sys/vmparam.h>
         ^
1 error generated.
make[1]: Leaving directory `/root/git/coreclr/bin/obj/Linux.x64.Debug/CMakeFiles/CMakeTmp'
make[1]: *** [CMakeFiles/cmTryCompileExec3366424932.dir/CheckIncludeFiles.c.o] Error 1
make: *** [cmTryCompileExec3366424932/fast] Error 2

Source:
/* */
#include <sys/vmparam.h>


int main(){return 0;}

Determining if files mach/vm_types.h exist failed with the following output:
Change Dir: /root/git/coreclr/bin/obj/Linux.x64.Debug/CMakeFiles/CMakeTmp

Run Build Command:/usr/bin/make "cmTryCompileExec3500594174/fast"
/usr/bin/make -f CMakeFiles/cmTryCompileExec3500594174.dir/build.make CMakeFiles/cmTryCompileExec3500594174.dir/build
make[1]: Entering directory `/root/git/coreclr/bin/obj/Linux.x64.Debug/CMakeFiles/CMakeTmp'
/usr/bin/cmake -E cmake_progress_report /root/git/coreclr/bin/obj/Linux.x64.Debug/CMakeFiles/CMakeTmp/CMakeFiles 1
Building C object CMakeFiles/cmTryCompileExec3500594174.dir/CheckIncludeFiles.c.o
/usr/bin/clang-3.5  -D_DEFAULT_SOURCE -D_FILE_OFFSET_BITS=64 -D_POSIX_C_SOURCE=200809L -Wall -std=c11    -o CMakeFiles/cmTryCompileExec3500594174.dir/CheckIncludeFiles.c.o   -c /root/git/coreclr/bin/obj/Linux.x64.Debug/CMakeFiles/CMakeTmp/CheckIncludeFiles.c
/root/git/coreclr/bin/obj/Linux.x64.Debug/CMakeFiles/CMakeTmp/CheckIncludeFiles.c:2:10: fatal error: 'mach/vm_types.h' file not found
#include <mach/vm_types.h>
         ^
1 error generated.
make[1]: Leaving directory `/root/git/coreclr/bin/obj/Linux.x64.Debug/CMakeFiles/CMakeTmp'
make[1]: *** [CMakeFiles/cmTryCompileExec3500594174.dir/CheckIncludeFiles.c.o] Error 1
make: *** [cmTryCompileExec3500594174/fast] Error 2

Source:
/* */
#include <mach/vm_types.h>


int main(){return 0;}

Determining if files mach/vm_param.h exist failed with the following output:
Change Dir: /root/git/coreclr/bin/obj/Linux.x64.Debug/CMakeFiles/CMakeTmp

Run Build Command:/usr/bin/make "cmTryCompileExec816944222/fast"
/usr/bin/make -f CMakeFiles/cmTryCompileExec816944222.dir/build.make CMakeFiles/cmTryCompileExec816944222.dir/build
make[1]: Entering directory `/root/git/coreclr/bin/obj/Linux.x64.Debug/CMakeFiles/CMakeTmp'
/usr/bin/cmake -E cmake_progress_report /root/git/coreclr/bin/obj/Linux.x64.Debug/CMakeFiles/CMakeTmp/CMakeFiles 1
Building C object CMakeFiles/cmTryCompileExec816944222.dir/CheckIncludeFiles.c.o
/usr/bin/clang-3.5  -D_DEFAULT_SOURCE -D_FILE_OFFSET_BITS=64 -D_POSIX_C_SOURCE=200809L -Wall -std=c11    -o CMakeFiles/cmTryCompileExec816944222.dir/CheckIncludeFiles.c.o   -c /root/git/coreclr/bin/obj/Linux.x64.Debug/CMakeFiles/CMakeTmp/CheckIncludeFiles.c
/root/git/coreclr/bin/obj/Linux.x64.Debug/CMakeFiles/CMakeTmp/CheckIncludeFiles.c:2:10: fatal error: 'mach/vm_param.h' file not found
#include <mach/vm_param.h>
         ^
1 error generated.
make[1]: Leaving directory `/root/git/coreclr/bin/obj/Linux.x64.Debug/CMakeFiles/CMakeTmp'
make[1]: *** [CMakeFiles/cmTryCompileExec816944222.dir/CheckIncludeFiles.c.o] Error 1
make: *** [cmTryCompileExec816944222/fast] Error 2

Source:
/* */
#include <mach/vm_param.h>


int main(){return 0;}

Determining if files sys/param.h;sys/types.h;machine/npx.h exist failed with the following output:
Change Dir: /root/git/coreclr/bin/obj/Linux.x64.Debug/CMakeFiles/CMakeTmp

Run Build Command:/usr/bin/make "cmTryCompileExec1890148148/fast"
/usr/bin/make -f CMakeFiles/cmTryCompileExec1890148148.dir/build.make CMakeFiles/cmTryCompileExec1890148148.dir/build
make[1]: Entering directory `/root/git/coreclr/bin/obj/Linux.x64.Debug/CMakeFiles/CMakeTmp'
/usr/bin/cmake -E cmake_progress_report /root/git/coreclr/bin/obj/Linux.x64.Debug/CMakeFiles/CMakeTmp/CMakeFiles 1
Building C object CMakeFiles/cmTryCompileExec1890148148.dir/CheckIncludeFiles.c.o
/usr/bin/clang-3.5  -D_DEFAULT_SOURCE -D_FILE_OFFSET_BITS=64 -D_POSIX_C_SOURCE=200809L -Wall -std=c11    -o CMakeFiles/cmTryCompileExec1890148148.dir/CheckIncludeFiles.c.o   -c /root/git/coreclr/bin/obj/Linux.x64.Debug/CMakeFiles/CMakeTmp/CheckIncludeFiles.c
/root/git/coreclr/bin/obj/Linux.x64.Debug/CMakeFiles/CMakeTmp/CheckIncludeFiles.c:4:10: fatal error: 'machine/npx.h' file not found
#include <machine/npx.h>
         ^
1 error generated.
make[1]: Leaving directory `/root/git/coreclr/bin/obj/Linux.x64.Debug/CMakeFiles/CMakeTmp'
make[1]: *** [CMakeFiles/cmTryCompileExec1890148148.dir/CheckIncludeFiles.c.o] Error 1
make: *** [cmTryCompileExec1890148148/fast] Error 2

Source:
/* */
#include <sys/param.h>
#include <sys/types.h>
#include <machine/npx.h>


int main(){return 0;}

Determining if files sys/param.h;sys/cdefs.h;machine/reg.h exist failed with the following output:
Change Dir: /root/git/coreclr/bin/obj/Linux.x64.Debug/CMakeFiles/CMakeTmp

Run Build Command:/usr/bin/make "cmTryCompileExec1633932408/fast"
/usr/bin/make -f CMakeFiles/cmTryCompileExec1633932408.dir/build.make CMakeFiles/cmTryCompileExec1633932408.dir/build
make[1]: Entering directory `/root/git/coreclr/bin/obj/Linux.x64.Debug/CMakeFiles/CMakeTmp'
/usr/bin/cmake -E cmake_progress_report /root/git/coreclr/bin/obj/Linux.x64.Debug/CMakeFiles/CMakeTmp/CMakeFiles 1
Building C object CMakeFiles/cmTryCompileExec1633932408.dir/CheckIncludeFiles.c.o
/usr/bin/clang-3.5  -D_DEFAULT_SOURCE -D_FILE_OFFSET_BITS=64 -D_POSIX_C_SOURCE=200809L -Wall -std=c11    -o CMakeFiles/cmTryCompileExec1633932408.dir/CheckIncludeFiles.c.o   -c /root/git/coreclr/bin/obj/Linux.x64.Debug/CMakeFiles/CMakeTmp/CheckIncludeFiles.c
/root/git/coreclr/bin/obj/Linux.x64.Debug/CMakeFiles/CMakeTmp/CheckIncludeFiles.c:4:10: fatal error: 'machine/reg.h' file not found
#include <machine/reg.h>
         ^
1 error generated.
make[1]: Leaving directory `/root/git/coreclr/bin/obj/Linux.x64.Debug/CMakeFiles/CMakeTmp'
make[1]: *** [CMakeFiles/cmTryCompileExec1633932408.dir/CheckIncludeFiles.c.o] Error 1
make: *** [cmTryCompileExec1633932408/fast] Error 2

Source:
/* */
#include <sys/param.h>
#include <sys/cdefs.h>
#include <machine/reg.h>


int main(){return 0;}

Determining if files machine/vmparam.h exist failed with the following output:
Change Dir: /root/git/coreclr/bin/obj/Linux.x64.Debug/CMakeFiles/CMakeTmp

Run Build Command:/usr/bin/make "cmTryCompileExec2680029125/fast"
/usr/bin/make -f CMakeFiles/cmTryCompileExec2680029125.dir/build.make CMakeFiles/cmTryCompileExec2680029125.dir/build
make[1]: Entering directory `/root/git/coreclr/bin/obj/Linux.x64.Debug/CMakeFiles/CMakeTmp'
/usr/bin/cmake -E cmake_progress_report /root/git/coreclr/bin/obj/Linux.x64.Debug/CMakeFiles/CMakeTmp/CMakeFiles 1
Building C object CMakeFiles/cmTryCompileExec2680029125.dir/CheckIncludeFiles.c.o
/usr/bin/clang-3.5  -D_DEFAULT_SOURCE -D_FILE_OFFSET_BITS=64 -D_POSIX_C_SOURCE=200809L -Wall -std=c11    -o CMakeFiles/cmTryCompileExec2680029125.dir/CheckIncludeFiles.c.o   -c /root/git/coreclr/bin/obj/Linux.x64.Debug/CMakeFiles/CMakeTmp/CheckIncludeFiles.c
/root/git/coreclr/bin/obj/Linux.x64.Debug/CMakeFiles/CMakeTmp/CheckIncludeFiles.c:2:10: fatal error: 'machine/vmparam.h' file not found
#include <machine/vmparam.h>
         ^
1 error generated.
make[1]: Leaving directory `/root/git/coreclr/bin/obj/Linux.x64.Debug/CMakeFiles/CMakeTmp'
make[1]: *** [CMakeFiles/cmTryCompileExec2680029125.dir/CheckIncludeFiles.c.o] Error 1
make: *** [cmTryCompileExec2680029125/fast] Error 2

Source:
/* */
#include <machine/vmparam.h>


int main(){return 0;}

Determining if files procfs.h exist failed with the following output:
Change Dir: /root/git/coreclr/bin/obj/Linux.x64.Debug/CMakeFiles/CMakeTmp

Run Build Command:/usr/bin/make "cmTryCompileExec2524242724/fast"
/usr/bin/make -f CMakeFiles/cmTryCompileExec2524242724.dir/build.make CMakeFiles/cmTryCompileExec2524242724.dir/build
make[1]: Entering directory `/root/git/coreclr/bin/obj/Linux.x64.Debug/CMakeFiles/CMakeTmp'
/usr/bin/cmake -E cmake_progress_report /root/git/coreclr/bin/obj/Linux.x64.Debug/CMakeFiles/CMakeTmp/CMakeFiles 1
Building C object CMakeFiles/cmTryCompileExec2524242724.dir/CheckIncludeFiles.c.o
/usr/bin/clang-3.5  -D_DEFAULT_SOURCE -D_FILE_OFFSET_BITS=64 -D_POSIX_C_SOURCE=200809L -Wall -std=c11    -o CMakeFiles/cmTryCompileExec2524242724.dir/CheckIncludeFiles.c.o   -c /root/git/coreclr/bin/obj/Linux.x64.Debug/CMakeFiles/CMakeTmp/CheckIncludeFiles.c
/root/git/coreclr/bin/obj/Linux.x64.Debug/CMakeFiles/CMakeTmp/CheckIncludeFiles.c:2:10: fatal error: 'procfs.h' file not found
#include <procfs.h>
         ^
1 error generated.
make[1]: Leaving directory `/root/git/coreclr/bin/obj/Linux.x64.Debug/CMakeFiles/CMakeTmp'
make[1]: *** [CMakeFiles/cmTryCompileExec2524242724.dir/CheckIncludeFiles.c.o] Error 1
make: *** [cmTryCompileExec2524242724/fast] Error 2

Source:
/* */
#include <procfs.h>


int main(){return 0;}

Determining if files crt_externs.h exist failed with the following output:
Change Dir: /root/git/coreclr/bin/obj/Linux.x64.Debug/CMakeFiles/CMakeTmp

Run Build Command:/usr/bin/make "cmTryCompileExec16959715/fast"
/usr/bin/make -f CMakeFiles/cmTryCompileExec16959715.dir/build.make CMakeFiles/cmTryCompileExec16959715.dir/build
make[1]: Entering directory `/root/git/coreclr/bin/obj/Linux.x64.Debug/CMakeFiles/CMakeTmp'
/usr/bin/cmake -E cmake_progress_report /root/git/coreclr/bin/obj/Linux.x64.Debug/CMakeFiles/CMakeTmp/CMakeFiles 1
Building C object CMakeFiles/cmTryCompileExec16959715.dir/CheckIncludeFiles.c.o
/usr/bin/clang-3.5  -D_DEFAULT_SOURCE -D_FILE_OFFSET_BITS=64 -D_POSIX_C_SOURCE=200809L -Wall -std=c11    -o CMakeFiles/cmTryCompileExec16959715.dir/CheckIncludeFiles.c.o   -c /root/git/coreclr/bin/obj/Linux.x64.Debug/CMakeFiles/CMakeTmp/CheckIncludeFiles.c
/root/git/coreclr/bin/obj/Linux.x64.Debug/CMakeFiles/CMakeTmp/CheckIncludeFiles.c:2:10: fatal error: 'crt_externs.h' file not found
#include <crt_externs.h>
         ^
1 error generated.
make[1]: Leaving directory `/root/git/coreclr/bin/obj/Linux.x64.Debug/CMakeFiles/CMakeTmp'
make[1]: *** [CMakeFiles/cmTryCompileExec16959715.dir/CheckIncludeFiles.c.o] Error 1
make: *** [cmTryCompileExec16959715/fast] Error 2

Source:
/* */
#include <crt_externs.h>


int main(){return 0;}

Determining if files pthread_np.h exist failed with the following output:
Change Dir: /root/git/coreclr/bin/obj/Linux.x64.Debug/CMakeFiles/CMakeTmp

Run Build Command:/usr/bin/make "cmTryCompileExec326379411/fast"
/usr/bin/make -f CMakeFiles/cmTryCompileExec326379411.dir/build.make CMakeFiles/cmTryCompileExec326379411.dir/build
make[1]: Entering directory `/root/git/coreclr/bin/obj/Linux.x64.Debug/CMakeFiles/CMakeTmp'
/usr/bin/cmake -E cmake_progress_report /root/git/coreclr/bin/obj/Linux.x64.Debug/CMakeFiles/CMakeTmp/CMakeFiles 1
Building C object CMakeFiles/cmTryCompileExec326379411.dir/CheckIncludeFiles.c.o
/usr/bin/clang-3.5  -D_DEFAULT_SOURCE -D_FILE_OFFSET_BITS=64 -D_POSIX_C_SOURCE=200809L -Wall -std=c11    -o CMakeFiles/cmTryCompileExec326379411.dir/CheckIncludeFiles.c.o   -c /root/git/coreclr/bin/obj/Linux.x64.Debug/CMakeFiles/CMakeTmp/CheckIncludeFiles.c
/root/git/coreclr/bin/obj/Linux.x64.Debug/CMakeFiles/CMakeTmp/CheckIncludeFiles.c:2:10: fatal error: 'pthread_np.h' file not found
#include <pthread_np.h>
         ^
1 error generated.
make[1]: Leaving directory `/root/git/coreclr/bin/obj/Linux.x64.Debug/CMakeFiles/CMakeTmp'
make[1]: *** [CMakeFiles/cmTryCompileExec326379411.dir/CheckIncludeFiles.c.o] Error 1
make: *** [cmTryCompileExec326379411/fast] Error 2

Source:
/* */
#include <pthread_np.h>


int main(){return 0;}

Determining if files sys/lwp.h exist failed with the following output:
Change Dir: /root/git/coreclr/bin/obj/Linux.x64.Debug/CMakeFiles/CMakeTmp

Run Build Command:/usr/bin/make "cmTryCompileExec974206720/fast"
/usr/bin/make -f CMakeFiles/cmTryCompileExec974206720.dir/build.make CMakeFiles/cmTryCompileExec974206720.dir/build
make[1]: Entering directory `/root/git/coreclr/bin/obj/Linux.x64.Debug/CMakeFiles/CMakeTmp'
/usr/bin/cmake -E cmake_progress_report /root/git/coreclr/bin/obj/Linux.x64.Debug/CMakeFiles/CMakeTmp/CMakeFiles 1
Building C object CMakeFiles/cmTryCompileExec974206720.dir/CheckIncludeFiles.c.o
/usr/bin/clang-3.5  -D_DEFAULT_SOURCE -D_FILE_OFFSET_BITS=64 -D_POSIX_C_SOURCE=200809L -Wall -std=c11    -o CMakeFiles/cmTryCompileExec974206720.dir/CheckIncludeFiles.c.o   -c /root/git/coreclr/bin/obj/Linux.x64.Debug/CMakeFiles/CMakeTmp/CheckIncludeFiles.c
/root/git/coreclr/bin/obj/Linux.x64.Debug/CMakeFiles/CMakeTmp/CheckIncludeFiles.c:2:10: fatal error: 'sys/lwp.h' file not found
#include <sys/lwp.h>
         ^
1 error generated.
make[1]: Leaving directory `/root/git/coreclr/bin/obj/Linux.x64.Debug/CMakeFiles/CMakeTmp'
make[1]: *** [CMakeFiles/cmTryCompileExec974206720.dir/CheckIncludeFiles.c.o] Error 1
make: *** [cmTryCompileExec974206720/fast] Error 2

Source:
/* */
#include <sys/lwp.h>


int main(){return 0;}

Determining if files lwp.h exist failed with the following output:
Change Dir: /root/git/coreclr/bin/obj/Linux.x64.Debug/CMakeFiles/CMakeTmp

Run Build Command:/usr/bin/make "cmTryCompileExec3706039914/fast"
/usr/bin/make -f CMakeFiles/cmTryCompileExec3706039914.dir/build.make CMakeFiles/cmTryCompileExec3706039914.dir/build
make[1]: Entering directory `/root/git/coreclr/bin/obj/Linux.x64.Debug/CMakeFiles/CMakeTmp'
/usr/bin/cmake -E cmake_progress_report /root/git/coreclr/bin/obj/Linux.x64.Debug/CMakeFiles/CMakeTmp/CMakeFiles 1
Building C object CMakeFiles/cmTryCompileExec3706039914.dir/CheckIncludeFiles.c.o
/usr/bin/clang-3.5  -D_DEFAULT_SOURCE -D_FILE_OFFSET_BITS=64 -D_POSIX_C_SOURCE=200809L -Wall -std=c11    -o CMakeFiles/cmTryCompileExec3706039914.dir/CheckIncludeFiles.c.o   -c /root/git/coreclr/bin/obj/Linux.x64.Debug/CMakeFiles/CMakeTmp/CheckIncludeFiles.c
/root/git/coreclr/bin/obj/Linux.x64.Debug/CMakeFiles/CMakeTmp/CheckIncludeFiles.c:2:10: fatal error: 'lwp.h' file not found
#include <lwp.h>
         ^
1 error generated.
make[1]: Leaving directory `/root/git/coreclr/bin/obj/Linux.x64.Debug/CMakeFiles/CMakeTmp'
make[1]: *** [CMakeFiles/cmTryCompileExec3706039914.dir/CheckIncludeFiles.c.o] Error 1
make: *** [cmTryCompileExec3706039914/fast] Error 2

Source:
/* */
#include <lwp.h>


int main(){return 0;}

Determining if files runetype.h exist failed with the following output:
Change Dir: /root/git/coreclr/bin/obj/Linux.x64.Debug/CMakeFiles/CMakeTmp

Run Build Command:/usr/bin/make "cmTryCompileExec2738302382/fast"
/usr/bin/make -f CMakeFiles/cmTryCompileExec2738302382.dir/build.make CMakeFiles/cmTryCompileExec2738302382.dir/build
make[1]: Entering directory `/root/git/coreclr/bin/obj/Linux.x64.Debug/CMakeFiles/CMakeTmp'
/usr/bin/cmake -E cmake_progress_report /root/git/coreclr/bin/obj/Linux.x64.Debug/CMakeFiles/CMakeTmp/CMakeFiles 1
Building C object CMakeFiles/cmTryCompileExec2738302382.dir/CheckIncludeFiles.c.o
/usr/bin/clang-3.5  -D_DEFAULT_SOURCE -D_FILE_OFFSET_BITS=64 -D_POSIX_C_SOURCE=200809L -Wall -std=c11    -o CMakeFiles/cmTryCompileExec2738302382.dir/CheckIncludeFiles.c.o   -c /root/git/coreclr/bin/obj/Linux.x64.Debug/CMakeFiles/CMakeTmp/CheckIncludeFiles.c
/root/git/coreclr/bin/obj/Linux.x64.Debug/CMakeFiles/CMakeTmp/CheckIncludeFiles.c:2:10: fatal error: 'runetype.h' file not found
#include <runetype.h>
         ^
1 error generated.
make[1]: Leaving directory `/root/git/coreclr/bin/obj/Linux.x64.Debug/CMakeFiles/CMakeTmp'
make[1]: *** [CMakeFiles/cmTryCompileExec2738302382.dir/CheckIncludeFiles.c.o] Error 1
make: *** [cmTryCompileExec2738302382/fast] Error 2

Source:
/* */
#include <runetype.h>


int main(){return 0;}

Determining if the function kqueue exists failed with the following output:
Change Dir: /root/git/coreclr/bin/obj/Linux.x64.Debug/CMakeFiles/CMakeTmp

Run Build Command:/usr/bin/make "cmTryCompileExec2864769134/fast"
/usr/bin/make -f CMakeFiles/cmTryCompileExec2864769134.dir/build.make CMakeFiles/cmTryCompileExec2864769134.dir/build
make[1]: Entering directory `/root/git/coreclr/bin/obj/Linux.x64.Debug/CMakeFiles/CMakeTmp'
/usr/bin/cmake -E cmake_progress_report /root/git/coreclr/bin/obj/Linux.x64.Debug/CMakeFiles/CMakeTmp/CMakeFiles 1
Building C object CMakeFiles/cmTryCompileExec2864769134.dir/CheckFunctionExists.c.o
/usr/bin/clang-3.5  -D_DEFAULT_SOURCE -D_FILE_OFFSET_BITS=64 -D_POSIX_C_SOURCE=200809L -Wall -std=c11 -DCHECK_FUNCTION_EXISTS=kqueue   -o CMakeFiles/cmTryCompileExec2864769134.dir/CheckFunctionExists.c.o   -c /usr/share/cmake-2.8/Modules/CheckFunctionExists.c
Linking C executable cmTryCompileExec2864769134
/usr/bin/cmake -E cmake_link_script CMakeFiles/cmTryCompileExec2864769134.dir/link.txt --verbose=1
/usr/bin/clang-3.5   -Wall -std=c11 -DCHECK_FUNCTION_EXISTS=kqueue    CMakeFiles/cmTryCompileExec2864769134.dir/CheckFunctionExists.c.o  -o cmTryCompileExec2864769134 -rdynamic 
CMakeFiles/cmTryCompileExec2864769134.dir/CheckFunctionExists.c.o: In function `main':
/usr/share/cmake-2.8/Modules/CheckFunctionExists.c:(.text+0x19): undefined reference to `kqueue'
clang: error: linker command failed with exit code 1 (use -v to see invocation)
make[1]: Leaving directory `/root/git/coreclr/bin/obj/Linux.x64.Debug/CMakeFiles/CMakeTmp'
make[1]: *** [cmTryCompileExec2864769134] Error 1
make: *** [cmTryCompileExec2864769134/fast] Error 2


Determining if the function pthread_suspend exists in the pthread failed with the following output:
Change Dir: /root/git/coreclr/bin/obj/Linux.x64.Debug/CMakeFiles/CMakeTmp

Run Build Command:/usr/bin/make "cmTryCompileExec2190723658/fast"
/usr/bin/make -f CMakeFiles/cmTryCompileExec2190723658.dir/build.make CMakeFiles/cmTryCompileExec2190723658.dir/build
make[1]: Entering directory `/root/git/coreclr/bin/obj/Linux.x64.Debug/CMakeFiles/CMakeTmp'
/usr/bin/cmake -E cmake_progress_report /root/git/coreclr/bin/obj/Linux.x64.Debug/CMakeFiles/CMakeTmp/CMakeFiles 1
Building C object CMakeFiles/cmTryCompileExec2190723658.dir/CheckFunctionExists.c.o
/usr/bin/clang-3.5  -D_DEFAULT_SOURCE -D_FILE_OFFSET_BITS=64 -D_POSIX_C_SOURCE=200809L -Wall -std=c11 -DCHECK_FUNCTION_EXISTS=pthread_suspend   -o CMakeFiles/cmTryCompileExec2190723658.dir/CheckFunctionExists.c.o   -c /usr/share/cmake-2.8/Modules/CheckFunctionExists.c
Linking C executable cmTryCompileExec2190723658
/usr/bin/cmake -E cmake_link_script CMakeFiles/cmTryCompileExec2190723658.dir/link.txt --verbose=1
/usr/bin/clang-3.5   -Wall -std=c11 -DCHECK_FUNCTION_EXISTS=pthread_suspend    CMakeFiles/cmTryCompileExec2190723658.dir/CheckFunctionExists.c.o  -o cmTryCompileExec2190723658 -rdynamic -lpthread 
CMakeFiles/cmTryCompileExec2190723658.dir/CheckFunctionExists.c.o: In function `main':
/usr/share/cmake-2.8/Modules/CheckFunctionExists.c:(.text+0x19): undefined reference to `pthread_suspend'
clang: error: linker command failed with exit code 1 (use -v to see invocation)
make[1]: Leaving directory `/root/git/coreclr/bin/obj/Linux.x64.Debug/CMakeFiles/CMakeTmp'
make[1]: *** [cmTryCompileExec2190723658] Error 1
make: *** [cmTryCompileExec2190723658/fast] Error 2


Determining if the function pthread_suspend_np exists in the pthread failed with the following output:
Change Dir: /root/git/coreclr/bin/obj/Linux.x64.Debug/CMakeFiles/CMakeTmp

Run Build Command:/usr/bin/make "cmTryCompileExec587805564/fast"
/usr/bin/make -f CMakeFiles/cmTryCompileExec587805564.dir/build.make CMakeFiles/cmTryCompileExec587805564.dir/build
make[1]: Entering directory `/root/git/coreclr/bin/obj/Linux.x64.Debug/CMakeFiles/CMakeTmp'
/usr/bin/cmake -E cmake_progress_report /root/git/coreclr/bin/obj/Linux.x64.Debug/CMakeFiles/CMakeTmp/CMakeFiles 1
Building C object CMakeFiles/cmTryCompileExec587805564.dir/CheckFunctionExists.c.o
/usr/bin/clang-3.5  -D_DEFAULT_SOURCE -D_FILE_OFFSET_BITS=64 -D_POSIX_C_SOURCE=200809L -Wall -std=c11 -DCHECK_FUNCTION_EXISTS=pthread_suspend_np   -o CMakeFiles/cmTryCompileExec587805564.dir/CheckFunctionExists.c.o   -c /usr/share/cmake-2.8/Modules/CheckFunctionExists.c
Linking C executable cmTryCompileExec587805564
/usr/bin/cmake -E cmake_link_script CMakeFiles/cmTryCompileExec587805564.dir/link.txt --verbose=1
/usr/bin/clang-3.5   -Wall -std=c11 -DCHECK_FUNCTION_EXISTS=pthread_suspend_np    CMakeFiles/cmTryCompileExec587805564.dir/CheckFunctionExists.c.o  -o cmTryCompileExec587805564 -rdynamic -lpthread 
CMakeFiles/cmTryCompileExec587805564.dir/CheckFunctionExists.c.o: In function `main':
/usr/share/cmake-2.8/Modules/CheckFunctionExists.c:(.text+0x19): undefined reference to `pthread_suspend_np'
clang: error: linker command failed with exit code 1 (use -v to see invocation)
make[1]: Leaving directory `/root/git/coreclr/bin/obj/Linux.x64.Debug/CMakeFiles/CMakeTmp'
make[1]: *** [cmTryCompileExec587805564] Error 1
make: *** [cmTryCompileExec587805564/fast] Error 2


Determining if the function pthread_continue exists in the pthread failed with the following output:
Change Dir: /root/git/coreclr/bin/obj/Linux.x64.Debug/CMakeFiles/CMakeTmp

Run Build Command:/usr/bin/make "cmTryCompileExec202946865/fast"
/usr/bin/make -f CMakeFiles/cmTryCompileExec202946865.dir/build.make CMakeFiles/cmTryCompileExec202946865.dir/build
make[1]: Entering directory `/root/git/coreclr/bin/obj/Linux.x64.Debug/CMakeFiles/CMakeTmp'
/usr/bin/cmake -E cmake_progress_report /root/git/coreclr/bin/obj/Linux.x64.Debug/CMakeFiles/CMakeTmp/CMakeFiles 1
Building C object CMakeFiles/cmTryCompileExec202946865.dir/CheckFunctionExists.c.o
/usr/bin/clang-3.5  -D_DEFAULT_SOURCE -D_FILE_OFFSET_BITS=64 -D_POSIX_C_SOURCE=200809L -Wall -std=c11 -DCHECK_FUNCTION_EXISTS=pthread_continue   -o CMakeFiles/cmTryCompileExec202946865.dir/CheckFunctionExists.c.o   -c /usr/share/cmake-2.8/Modules/CheckFunctionExists.c
Linking C executable cmTryCompileExec202946865
/usr/bin/cmake -E cmake_link_script CMakeFiles/cmTryCompileExec202946865.dir/link.txt --verbose=1
/usr/bin/clang-3.5   -Wall -std=c11 -DCHECK_FUNCTION_EXISTS=pthread_continue    CMakeFiles/cmTryCompileExec202946865.dir/CheckFunctionExists.c.o  -o cmTryCompileExec202946865 -rdynamic -lpthread 
CMakeFiles/cmTryCompileExec202946865.dir/CheckFunctionExists.c.o: In function `main':
/usr/share/cmake-2.8/Modules/CheckFunctionExists.c:(.text+0x19): undefined reference to `pthread_continue'
clang: error: linker command failed with exit code 1 (use -v to see invocation)
make[1]: Leaving directory `/root/git/coreclr/bin/obj/Linux.x64.Debug/CMakeFiles/CMakeTmp'
make[1]: *** [cmTryCompileExec202946865] Error 1
make: *** [cmTryCompileExec202946865/fast] Error 2


Determining if the function pthread_continue_np exists in the pthread failed with the following output:
Change Dir: /root/git/coreclr/bin/obj/Linux.x64.Debug/CMakeFiles/CMakeTmp

Run Build Command:/usr/bin/make "cmTryCompileExec63462793/fast"
/usr/bin/make -f CMakeFiles/cmTryCompileExec63462793.dir/build.make CMakeFiles/cmTryCompileExec63462793.dir/build
make[1]: Entering directory `/root/git/coreclr/bin/obj/Linux.x64.Debug/CMakeFiles/CMakeTmp'
/usr/bin/cmake -E cmake_progress_report /root/git/coreclr/bin/obj/Linux.x64.Debug/CMakeFiles/CMakeTmp/CMakeFiles 1
Building C object CMakeFiles/cmTryCompileExec63462793.dir/CheckFunctionExists.c.o
/usr/bin/clang-3.5  -D_DEFAULT_SOURCE -D_FILE_OFFSET_BITS=64 -D_POSIX_C_SOURCE=200809L -Wall -std=c11 -DCHECK_FUNCTION_EXISTS=pthread_continue_np   -o CMakeFiles/cmTryCompileExec63462793.dir/CheckFunctionExists.c.o   -c /usr/share/cmake-2.8/Modules/CheckFunctionExists.c
Linking C executable cmTryCompileExec63462793
/usr/bin/cmake -E cmake_link_script CMakeFiles/cmTryCompileExec63462793.dir/link.txt --verbose=1
/usr/bin/clang-3.5   -Wall -std=c11 -DCHECK_FUNCTION_EXISTS=pthread_continue_np    CMakeFiles/cmTryCompileExec63462793.dir/CheckFunctionExists.c.o  -o cmTryCompileExec63462793 -rdynamic -lpthread 
CMakeFiles/cmTryCompileExec63462793.dir/CheckFunctionExists.c.o: In function `main':
/usr/share/cmake-2.8/Modules/CheckFunctionExists.c:(.text+0x19): undefined reference to `pthread_continue_np'
clang: error: linker command failed with exit code 1 (use -v to see invocation)
make[1]: Leaving directory `/root/git/coreclr/bin/obj/Linux.x64.Debug/CMakeFiles/CMakeTmp'
make[1]: *** [cmTryCompileExec63462793] Error 1
make: *** [cmTryCompileExec63462793/fast] Error 2


Determining if the function pthread_resume_np exists in the pthread failed with the following output:
Change Dir: /root/git/coreclr/bin/obj/Linux.x64.Debug/CMakeFiles/CMakeTmp

Run Build Command:/usr/bin/make "cmTryCompileExec3284291203/fast"
/usr/bin/make -f CMakeFiles/cmTryCompileExec3284291203.dir/build.make CMakeFiles/cmTryCompileExec3284291203.dir/build
make[1]: Entering directory `/root/git/coreclr/bin/obj/Linux.x64.Debug/CMakeFiles/CMakeTmp'
/usr/bin/cmake -E cmake_progress_report /root/git/coreclr/bin/obj/Linux.x64.Debug/CMakeFiles/CMakeTmp/CMakeFiles 1
Building C object CMakeFiles/cmTryCompileExec3284291203.dir/CheckFunctionExists.c.o
/usr/bin/clang-3.5  -D_DEFAULT_SOURCE -D_FILE_OFFSET_BITS=64 -D_POSIX_C_SOURCE=200809L -Wall -std=c11 -DCHECK_FUNCTION_EXISTS=pthread_resume_np   -o CMakeFiles/cmTryCompileExec3284291203.dir/CheckFunctionExists.c.o   -c /usr/share/cmake-2.8/Modules/CheckFunctionExists.c
Linking C executable cmTryCompileExec3284291203
/usr/bin/cmake -E cmake_link_script CMakeFiles/cmTryCompileExec3284291203.dir/link.txt --verbose=1
/usr/bin/clang-3.5   -Wall -std=c11 -DCHECK_FUNCTION_EXISTS=pthread_resume_np    CMakeFiles/cmTryCompileExec3284291203.dir/CheckFunctionExists.c.o  -o cmTryCompileExec3284291203 -rdynamic -lpthread 
CMakeFiles/cmTryCompileExec3284291203.dir/CheckFunctionExists.c.o: In function `main':
/usr/share/cmake-2.8/Modules/CheckFunctionExists.c:(.text+0x19): undefined reference to `pthread_resume_np'
clang: error: linker command failed with exit code 1 (use -v to see invocation)
make[1]: Leaving directory `/root/git/coreclr/bin/obj/Linux.x64.Debug/CMakeFiles/CMakeTmp'
make[1]: *** [cmTryCompileExec3284291203] Error 1
make: *** [cmTryCompileExec3284291203/fast] Error 2


Determining if the function pthread_attr_get_np exists in the pthread failed with the following output:
Change Dir: /root/git/coreclr/bin/obj/Linux.x64.Debug/CMakeFiles/CMakeTmp

Run Build Command:/usr/bin/make "cmTryCompileExec1446807087/fast"
/usr/bin/make -f CMakeFiles/cmTryCompileExec1446807087.dir/build.make CMakeFiles/cmTryCompileExec1446807087.dir/build
make[1]: Entering directory `/root/git/coreclr/bin/obj/Linux.x64.Debug/CMakeFiles/CMakeTmp'
/usr/bin/cmake -E cmake_progress_report /root/git/coreclr/bin/obj/Linux.x64.Debug/CMakeFiles/CMakeTmp/CMakeFiles 1
Building C object CMakeFiles/cmTryCompileExec1446807087.dir/CheckFunctionExists.c.o
/usr/bin/clang-3.5  -D_DEFAULT_SOURCE -D_FILE_OFFSET_BITS=64 -D_POSIX_C_SOURCE=200809L -Wall -std=c11 -DCHECK_FUNCTION_EXISTS=pthread_attr_get_np   -o CMakeFiles/cmTryCompileExec1446807087.dir/CheckFunctionExists.c.o   -c /usr/share/cmake-2.8/Modules/CheckFunctionExists.c
Linking C executable cmTryCompileExec1446807087
/usr/bin/cmake -E cmake_link_script CMakeFiles/cmTryCompileExec1446807087.dir/link.txt --verbose=1
/usr/bin/clang-3.5   -Wall -std=c11 -DCHECK_FUNCTION_EXISTS=pthread_attr_get_np    CMakeFiles/cmTryCompileExec1446807087.dir/CheckFunctionExists.c.o  -o cmTryCompileExec1446807087 -rdynamic -lpthread 
CMakeFiles/cmTryCompileExec1446807087.dir/CheckFunctionExists.c.o: In function `main':
/usr/share/cmake-2.8/Modules/CheckFunctionExists.c:(.text+0x19): undefined reference to `pthread_attr_get_np'
clang: error: linker command failed with exit code 1 (use -v to see invocation)
make[1]: Leaving directory `/root/git/coreclr/bin/obj/Linux.x64.Debug/CMakeFiles/CMakeTmp'
make[1]: *** [cmTryCompileExec1446807087] Error 1
make: *** [cmTryCompileExec1446807087/fast] Error 2


Determining if the function _thread_sys_sigreturn exists failed with the following output:
Change Dir: /root/git/coreclr/bin/obj/Linux.x64.Debug/CMakeFiles/CMakeTmp

Run Build Command:/usr/bin/make "cmTryCompileExec2562534037/fast"
/usr/bin/make -f CMakeFiles/cmTryCompileExec2562534037.dir/build.make CMakeFiles/cmTryCompileExec2562534037.dir/build
make[1]: Entering directory `/root/git/coreclr/bin/obj/Linux.x64.Debug/CMakeFiles/CMakeTmp'
/usr/bin/cmake -E cmake_progress_report /root/git/coreclr/bin/obj/Linux.x64.Debug/CMakeFiles/CMakeTmp/CMakeFiles 1
Building C object CMakeFiles/cmTryCompileExec2562534037.dir/CheckFunctionExists.c.o
/usr/bin/clang-3.5  -D_DEFAULT_SOURCE -D_FILE_OFFSET_BITS=64 -D_POSIX_C_SOURCE=200809L -Wall -std=c11 -DCHECK_FUNCTION_EXISTS=_thread_sys_sigreturn   -o CMakeFiles/cmTryCompileExec2562534037.dir/CheckFunctionExists.c.o   -c /usr/share/cmake-2.8/Modules/CheckFunctionExists.c
Linking C executable cmTryCompileExec2562534037
/usr/bin/cmake -E cmake_link_script CMakeFiles/cmTryCompileExec2562534037.dir/link.txt --verbose=1
/usr/bin/clang-3.5   -Wall -std=c11 -DCHECK_FUNCTION_EXISTS=_thread_sys_sigreturn    CMakeFiles/cmTryCompileExec2562534037.dir/CheckFunctionExists.c.o  -o cmTryCompileExec2562534037 -rdynamic 
CMakeFiles/cmTryCompileExec2562534037.dir/CheckFunctionExists.c.o: In function `main':
/usr/share/cmake-2.8/Modules/CheckFunctionExists.c:(.text+0x19): undefined reference to `_thread_sys_sigreturn'
clang: error: linker command failed with exit code 1 (use -v to see invocation)
make[1]: Leaving directory `/root/git/coreclr/bin/obj/Linux.x64.Debug/CMakeFiles/CMakeTmp'
make[1]: *** [cmTryCompileExec2562534037] Error 1
make: *** [cmTryCompileExec2562534037/fast] Error 2


Determining if the function _snwprintf exists failed with the following output:
Change Dir: /root/git/coreclr/bin/obj/Linux.x64.Debug/CMakeFiles/CMakeTmp

Run Build Command:/usr/bin/make "cmTryCompileExec1805506531/fast"
/usr/bin/make -f CMakeFiles/cmTryCompileExec1805506531.dir/build.make CMakeFiles/cmTryCompileExec1805506531.dir/build
make[1]: Entering directory `/root/git/coreclr/bin/obj/Linux.x64.Debug/CMakeFiles/CMakeTmp'
/usr/bin/cmake -E cmake_progress_report /root/git/coreclr/bin/obj/Linux.x64.Debug/CMakeFiles/CMakeTmp/CMakeFiles 1
Building C object CMakeFiles/cmTryCompileExec1805506531.dir/CheckFunctionExists.c.o
/usr/bin/clang-3.5  -D_DEFAULT_SOURCE -D_FILE_OFFSET_BITS=64 -D_POSIX_C_SOURCE=200809L -Wall -std=c11 -DCHECK_FUNCTION_EXISTS=_snwprintf   -o CMakeFiles/cmTryCompileExec1805506531.dir/CheckFunctionExists.c.o   -c /usr/share/cmake-2.8/Modules/CheckFunctionExists.c
Linking C executable cmTryCompileExec1805506531
/usr/bin/cmake -E cmake_link_script CMakeFiles/cmTryCompileExec1805506531.dir/link.txt --verbose=1
/usr/bin/clang-3.5   -Wall -std=c11 -DCHECK_FUNCTION_EXISTS=_snwprintf    CMakeFiles/cmTryCompileExec1805506531.dir/CheckFunctionExists.c.o  -o cmTryCompileExec1805506531 -rdynamic 
CMakeFiles/cmTryCompileExec1805506531.dir/CheckFunctionExists.c.o: In function `main':
/usr/share/cmake-2.8/Modules/CheckFunctionExists.c:(.text+0x19): undefined reference to `_snwprintf'
clang: error: linker command failed with exit code 1 (use -v to see invocation)
make[1]: Leaving directory `/root/git/coreclr/bin/obj/Linux.x64.Debug/CMakeFiles/CMakeTmp'
make[1]: *** [cmTryCompileExec1805506531] Error 1
make: *** [cmTryCompileExec1805506531/fast] Error 2


Determining if the function thread_self exists failed with the following output:
Change Dir: /root/git/coreclr/bin/obj/Linux.x64.Debug/CMakeFiles/CMakeTmp

Run Build Command:/usr/bin/make "cmTryCompileExec324672153/fast"
/usr/bin/make -f CMakeFiles/cmTryCompileExec324672153.dir/build.make CMakeFiles/cmTryCompileExec324672153.dir/build
make[1]: Entering directory `/root/git/coreclr/bin/obj/Linux.x64.Debug/CMakeFiles/CMakeTmp'
/usr/bin/cmake -E cmake_progress_report /root/git/coreclr/bin/obj/Linux.x64.Debug/CMakeFiles/CMakeTmp/CMakeFiles 1
Building C object CMakeFiles/cmTryCompileExec324672153.dir/CheckFunctionExists.c.o
/usr/bin/clang-3.5  -D_DEFAULT_SOURCE -D_FILE_OFFSET_BITS=64 -D_POSIX_C_SOURCE=200809L -Wall -std=c11 -DCHECK_FUNCTION_EXISTS=thread_self   -o CMakeFiles/cmTryCompileExec324672153.dir/CheckFunctionExists.c.o   -c /usr/share/cmake-2.8/Modules/CheckFunctionExists.c
Linking C executable cmTryCompileExec324672153
/usr/bin/cmake -E cmake_link_script CMakeFiles/cmTryCompileExec324672153.dir/link.txt --verbose=1
/usr/bin/clang-3.5   -Wall -std=c11 -DCHECK_FUNCTION_EXISTS=thread_self    CMakeFiles/cmTryCompileExec324672153.dir/CheckFunctionExists.c.o  -o cmTryCompileExec324672153 -rdynamic 
CMakeFiles/cmTryCompileExec324672153.dir/CheckFunctionExists.c.o: In function `main':
/usr/share/cmake-2.8/Modules/CheckFunctionExists.c:(.text+0x19): undefined reference to `thread_self'
clang: error: linker command failed with exit code 1 (use -v to see invocation)
make[1]: Leaving directory `/root/git/coreclr/bin/obj/Linux.x64.Debug/CMakeFiles/CMakeTmp'
make[1]: *** [cmTryCompileExec324672153] Error 1
make: *** [cmTryCompileExec324672153/fast] Error 2


Determining if the function _lwp_self exists failed with the following output:
Change Dir: /root/git/coreclr/bin/obj/Linux.x64.Debug/CMakeFiles/CMakeTmp

Run Build Command:/usr/bin/make "cmTryCompileExec2430328029/fast"
/usr/bin/make -f CMakeFiles/cmTryCompileExec2430328029.dir/build.make CMakeFiles/cmTryCompileExec2430328029.dir/build
make[1]: Entering directory `/root/git/coreclr/bin/obj/Linux.x64.Debug/CMakeFiles/CMakeTmp'
/usr/bin/cmake -E cmake_progress_report /root/git/coreclr/bin/obj/Linux.x64.Debug/CMakeFiles/CMakeTmp/CMakeFiles 1
Building C object CMakeFiles/cmTryCompileExec2430328029.dir/CheckFunctionExists.c.o
/usr/bin/clang-3.5  -D_DEFAULT_SOURCE -D_FILE_OFFSET_BITS=64 -D_POSIX_C_SOURCE=200809L -Wall -std=c11 -DCHECK_FUNCTION_EXISTS=_lwp_self   -o CMakeFiles/cmTryCompileExec2430328029.dir/CheckFunctionExists.c.o   -c /usr/share/cmake-2.8/Modules/CheckFunctionExists.c
Linking C executable cmTryCompileExec2430328029
/usr/bin/cmake -E cmake_link_script CMakeFiles/cmTryCompileExec2430328029.dir/link.txt --verbose=1
/usr/bin/clang-3.5   -Wall -std=c11 -DCHECK_FUNCTION_EXISTS=_lwp_self    CMakeFiles/cmTryCompileExec2430328029.dir/CheckFunctionExists.c.o  -o cmTryCompileExec2430328029 -rdynamic 
CMakeFiles/cmTryCompileExec2430328029.dir/CheckFunctionExists.c.o: In function `main':
/usr/share/cmake-2.8/Modules/CheckFunctionExists.c:(.text+0x19): undefined reference to `_lwp_self'
clang: error: linker command failed with exit code 1 (use -v to see invocation)
make[1]: Leaving directory `/root/git/coreclr/bin/obj/Linux.x64.Debug/CMakeFiles/CMakeTmp'
make[1]: *** [cmTryCompileExec2430328029] Error 1
make: *** [cmTryCompileExec2430328029/fast] Error 2


Determining if the function pthread_mach_thread_np exists failed with the following output:
Change Dir: /root/git/coreclr/bin/obj/Linux.x64.Debug/CMakeFiles/CMakeTmp

Run Build Command:/usr/bin/make "cmTryCompileExec71424603/fast"
/usr/bin/make -f CMakeFiles/cmTryCompileExec71424603.dir/build.make CMakeFiles/cmTryCompileExec71424603.dir/build
make[1]: Entering directory `/root/git/coreclr/bin/obj/Linux.x64.Debug/CMakeFiles/CMakeTmp'
/usr/bin/cmake -E cmake_progress_report /root/git/coreclr/bin/obj/Linux.x64.Debug/CMakeFiles/CMakeTmp/CMakeFiles 1
Building C object CMakeFiles/cmTryCompileExec71424603.dir/CheckFunctionExists.c.o
/usr/bin/clang-3.5  -D_DEFAULT_SOURCE -D_FILE_OFFSET_BITS=64 -D_POSIX_C_SOURCE=200809L -Wall -std=c11 -DCHECK_FUNCTION_EXISTS=pthread_mach_thread_np   -o CMakeFiles/cmTryCompileExec71424603.dir/CheckFunctionExists.c.o   -c /usr/share/cmake-2.8/Modules/CheckFunctionExists.c
Linking C executable cmTryCompileExec71424603
/usr/bin/cmake -E cmake_link_script CMakeFiles/cmTryCompileExec71424603.dir/link.txt --verbose=1
/usr/bin/clang-3.5   -Wall -std=c11 -DCHECK_FUNCTION_EXISTS=pthread_mach_thread_np    CMakeFiles/cmTryCompileExec71424603.dir/CheckFunctionExists.c.o  -o cmTryCompileExec71424603 -rdynamic 
CMakeFiles/cmTryCompileExec71424603.dir/CheckFunctionExists.c.o: In function `main':
/usr/share/cmake-2.8/Modules/CheckFunctionExists.c:(.text+0x19): undefined reference to `pthread_mach_thread_np'
clang: error: linker command failed with exit code 1 (use -v to see invocation)
make[1]: Leaving directory `/root/git/coreclr/bin/obj/Linux.x64.Debug/CMakeFiles/CMakeTmp'
make[1]: *** [cmTryCompileExec71424603] Error 1
make: *** [cmTryCompileExec71424603/fast] Error 2


Determining if the function thread_set_exception_ports exists failed with the following output:
Change Dir: /root/git/coreclr/bin/obj/Linux.x64.Debug/CMakeFiles/CMakeTmp

Run Build Command:/usr/bin/make "cmTryCompileExec961254735/fast"
/usr/bin/make -f CMakeFiles/cmTryCompileExec961254735.dir/build.make CMakeFiles/cmTryCompileExec961254735.dir/build
make[1]: Entering directory `/root/git/coreclr/bin/obj/Linux.x64.Debug/CMakeFiles/CMakeTmp'
/usr/bin/cmake -E cmake_progress_report /root/git/coreclr/bin/obj/Linux.x64.Debug/CMakeFiles/CMakeTmp/CMakeFiles 1
Building C object CMakeFiles/cmTryCompileExec961254735.dir/CheckFunctionExists.c.o
/usr/bin/clang-3.5  -D_DEFAULT_SOURCE -D_FILE_OFFSET_BITS=64 -D_POSIX_C_SOURCE=200809L -Wall -std=c11 -DCHECK_FUNCTION_EXISTS=thread_set_exception_ports   -o CMakeFiles/cmTryCompileExec961254735.dir/CheckFunctionExists.c.o   -c /usr/share/cmake-2.8/Modules/CheckFunctionExists.c
Linking C executable cmTryCompileExec961254735
/usr/bin/cmake -E cmake_link_script CMakeFiles/cmTryCompileExec961254735.dir/link.txt --verbose=1
/usr/bin/clang-3.5   -Wall -std=c11 -DCHECK_FUNCTION_EXISTS=thread_set_exception_ports    CMakeFiles/cmTryCompileExec961254735.dir/CheckFunctionExists.c.o  -o cmTryCompileExec961254735 -rdynamic 
CMakeFiles/cmTryCompileExec961254735.dir/CheckFunctionExists.c.o: In function `main':
/usr/share/cmake-2.8/Modules/CheckFunctionExists.c:(.text+0x19): undefined reference to `thread_set_exception_ports'
clang: error: linker command failed with exit code 1 (use -v to see invocation)
make[1]: Leaving directory `/root/git/coreclr/bin/obj/Linux.x64.Debug/CMakeFiles/CMakeTmp'
make[1]: *** [cmTryCompileExec961254735] Error 1
make: *** [cmTryCompileExec961254735/fast] Error 2


Determining if the function vm_allocate exists failed with the following output:
Change Dir: /root/git/coreclr/bin/obj/Linux.x64.Debug/CMakeFiles/CMakeTmp

Run Build Command:/usr/bin/make "cmTryCompileExec2581408023/fast"
/usr/bin/make -f CMakeFiles/cmTryCompileExec2581408023.dir/build.make CMakeFiles/cmTryCompileExec2581408023.dir/build
make[1]: Entering directory `/root/git/coreclr/bin/obj/Linux.x64.Debug/CMakeFiles/CMakeTmp'
/usr/bin/cmake -E cmake_progress_report /root/git/coreclr/bin/obj/Linux.x64.Debug/CMakeFiles/CMakeTmp/CMakeFiles 1
Building C object CMakeFiles/cmTryCompileExec2581408023.dir/CheckFunctionExists.c.o
/usr/bin/clang-3.5  -D_DEFAULT_SOURCE -D_FILE_OFFSET_BITS=64 -D_POSIX_C_SOURCE=200809L -Wall -std=c11 -DCHECK_FUNCTION_EXISTS=vm_allocate   -o CMakeFiles/cmTryCompileExec2581408023.dir/CheckFunctionExists.c.o   -c /usr/share/cmake-2.8/Modules/CheckFunctionExists.c
Linking C executable cmTryCompileExec2581408023
/usr/bin/cmake -E cmake_link_script CMakeFiles/cmTryCompileExec2581408023.dir/link.txt --verbose=1
/usr/bin/clang-3.5   -Wall -std=c11 -DCHECK_FUNCTION_EXISTS=vm_allocate    CMakeFiles/cmTryCompileExec2581408023.dir/CheckFunctionExists.c.o  -o cmTryCompileExec2581408023 -rdynamic 
CMakeFiles/cmTryCompileExec2581408023.dir/CheckFunctionExists.c.o: In function `main':
/usr/share/cmake-2.8/Modules/CheckFunctionExists.c:(.text+0x19): undefined reference to `vm_allocate'
clang: error: linker command failed with exit code 1 (use -v to see invocation)
make[1]: Leaving directory `/root/git/coreclr/bin/obj/Linux.x64.Debug/CMakeFiles/CMakeTmp'
make[1]: *** [cmTryCompileExec2581408023] Error 1
make: *** [cmTryCompileExec2581408023/fast] Error 2


Determining if the function vm_read exists failed with the following output:
Change Dir: /root/git/coreclr/bin/obj/Linux.x64.Debug/CMakeFiles/CMakeTmp

Run Build Command:/usr/bin/make "cmTryCompileExec2562741093/fast"
/usr/bin/make -f CMakeFiles/cmTryCompileExec2562741093.dir/build.make CMakeFiles/cmTryCompileExec2562741093.dir/build
make[1]: Entering directory `/root/git/coreclr/bin/obj/Linux.x64.Debug/CMakeFiles/CMakeTmp'
/usr/bin/cmake -E cmake_progress_report /root/git/coreclr/bin/obj/Linux.x64.Debug/CMakeFiles/CMakeTmp/CMakeFiles 1
Building C object CMakeFiles/cmTryCompileExec2562741093.dir/CheckFunctionExists.c.o
/usr/bin/clang-3.5  -D_DEFAULT_SOURCE -D_FILE_OFFSET_BITS=64 -D_POSIX_C_SOURCE=200809L -Wall -std=c11 -DCHECK_FUNCTION_EXISTS=vm_read   -o CMakeFiles/cmTryCompileExec2562741093.dir/CheckFunctionExists.c.o   -c /usr/share/cmake-2.8/Modules/CheckFunctionExists.c
Linking C executable cmTryCompileExec2562741093
/usr/bin/cmake -E cmake_link_script CMakeFiles/cmTryCompileExec2562741093.dir/link.txt --verbose=1
/usr/bin/clang-3.5   -Wall -std=c11 -DCHECK_FUNCTION_EXISTS=vm_read    CMakeFiles/cmTryCompileExec2562741093.dir/CheckFunctionExists.c.o  -o cmTryCompileExec2562741093 -rdynamic 
CMakeFiles/cmTryCompileExec2562741093.dir/CheckFunctionExists.c.o: In function `main':
/usr/share/cmake-2.8/Modules/CheckFunctionExists.c:(.text+0x19): undefined reference to `vm_read'
clang: error: linker command failed with exit code 1 (use -v to see invocation)
make[1]: Leaving directory `/root/git/coreclr/bin/obj/Linux.x64.Debug/CMakeFiles/CMakeTmp'
make[1]: *** [cmTryCompileExec2562741093] Error 1
make: *** [cmTryCompileExec2562741093/fast] Error 2


Determining if the function directio exists failed with the following output:
Change Dir: /root/git/coreclr/bin/obj/Linux.x64.Debug/CMakeFiles/CMakeTmp

Run Build Command:/usr/bin/make "cmTryCompileExec284043330/fast"
/usr/bin/make -f CMakeFiles/cmTryCompileExec284043330.dir/build.make CMakeFiles/cmTryCompileExec284043330.dir/build
make[1]: Entering directory `/root/git/coreclr/bin/obj/Linux.x64.Debug/CMakeFiles/CMakeTmp'
/usr/bin/cmake -E cmake_progress_report /root/git/coreclr/bin/obj/Linux.x64.Debug/CMakeFiles/CMakeTmp/CMakeFiles 1
Building C object CMakeFiles/cmTryCompileExec284043330.dir/CheckFunctionExists.c.o
/usr/bin/clang-3.5  -D_DEFAULT_SOURCE -D_FILE_OFFSET_BITS=64 -D_POSIX_C_SOURCE=200809L -Wall -std=c11 -DCHECK_FUNCTION_EXISTS=directio   -o CMakeFiles/cmTryCompileExec284043330.dir/CheckFunctionExists.c.o   -c /usr/share/cmake-2.8/Modules/CheckFunctionExists.c
Linking C executable cmTryCompileExec284043330
/usr/bin/cmake -E cmake_link_script CMakeFiles/cmTryCompileExec284043330.dir/link.txt --verbose=1
/usr/bin/clang-3.5   -Wall -std=c11 -DCHECK_FUNCTION_EXISTS=directio    CMakeFiles/cmTryCompileExec284043330.dir/CheckFunctionExists.c.o  -o cmTryCompileExec284043330 -rdynamic 
CMakeFiles/cmTryCompileExec284043330.dir/CheckFunctionExists.c.o: In function `main':
/usr/share/cmake-2.8/Modules/CheckFunctionExists.c:(.text+0x19): undefined reference to `directio'
clang: error: linker command failed with exit code 1 (use -v to see invocation)
make[1]: Leaving directory `/root/git/coreclr/bin/obj/Linux.x64.Debug/CMakeFiles/CMakeTmp'
make[1]: *** [cmTryCompileExec284043330] Error 1
make: *** [cmTryCompileExec284043330/fast] Error 2


Determining if the function ttrace exists failed with the following output:
Change Dir: /root/git/coreclr/bin/obj/Linux.x64.Debug/CMakeFiles/CMakeTmp

Run Build Command:/usr/bin/make "cmTryCompileExec2193357525/fast"
/usr/bin/make -f CMakeFiles/cmTryCompileExec2193357525.dir/build.make CMakeFiles/cmTryCompileExec2193357525.dir/build
make[1]: Entering directory `/root/git/coreclr/bin/obj/Linux.x64.Debug/CMakeFiles/CMakeTmp'
/usr/bin/cmake -E cmake_progress_report /root/git/coreclr/bin/obj/Linux.x64.Debug/CMakeFiles/CMakeTmp/CMakeFiles 1
Building C object CMakeFiles/cmTryCompileExec2193357525.dir/CheckFunctionExists.c.o
/usr/bin/clang-3.5  -D_DEFAULT_SOURCE -D_FILE_OFFSET_BITS=64 -D_POSIX_C_SOURCE=200809L -Wall -std=c11 -DCHECK_FUNCTION_EXISTS=ttrace   -o CMakeFiles/cmTryCompileExec2193357525.dir/CheckFunctionExists.c.o   -c /usr/share/cmake-2.8/Modules/CheckFunctionExists.c
Linking C executable cmTryCompileExec2193357525
/usr/bin/cmake -E cmake_link_script CMakeFiles/cmTryCompileExec2193357525.dir/link.txt --verbose=1
/usr/bin/clang-3.5   -Wall -std=c11 -DCHECK_FUNCTION_EXISTS=ttrace    CMakeFiles/cmTryCompileExec2193357525.dir/CheckFunctionExists.c.o  -o cmTryCompileExec2193357525 -rdynamic 
CMakeFiles/cmTryCompileExec2193357525.dir/CheckFunctionExists.c.o: In function `main':
/usr/share/cmake-2.8/Modules/CheckFunctionExists.c:(.text+0x19): undefined reference to `ttrace'
clang: error: linker command failed with exit code 1 (use -v to see invocation)
make[1]: Leaving directory `/root/git/coreclr/bin/obj/Linux.x64.Debug/CMakeFiles/CMakeTmp'
make[1]: *** [cmTryCompileExec2193357525] Error 1
make: *** [cmTryCompileExec2193357525/fast] Error 2


Performing C SOURCE FILE Test HAVE_STAT_TIMESPEC failed with the following output:
Change Dir: /root/git/coreclr/bin/obj/Linux.x64.Debug/CMakeFiles/CMakeTmp

Run Build Command:/usr/bin/make "cmTryCompileExec2519131780/fast"
/usr/bin/make -f CMakeFiles/cmTryCompileExec2519131780.dir/build.make CMakeFiles/cmTryCompileExec2519131780.dir/build
make[1]: Entering directory `/root/git/coreclr/bin/obj/Linux.x64.Debug/CMakeFiles/CMakeTmp'
/usr/bin/cmake -E cmake_progress_report /root/git/coreclr/bin/obj/Linux.x64.Debug/CMakeFiles/CMakeTmp/CMakeFiles 1
Building C object CMakeFiles/cmTryCompileExec2519131780.dir/src.c.o
/usr/bin/clang-3.5  -D_DEFAULT_SOURCE -D_FILE_OFFSET_BITS=64 -D_POSIX_C_SOURCE=200809L -Wall -std=c11 -DHAVE_STAT_TIMESPEC   -o CMakeFiles/cmTryCompileExec2519131780.dir/src.c.o   -c /root/git/coreclr/bin/obj/Linux.x64.Debug/CMakeFiles/CMakeTmp/src.c
/root/git/coreclr/bin/obj/Linux.x64.Debug/CMakeFiles/CMakeTmp/src.c:8:9: error: no member named 'st_atimespec' in 'struct stat'
   tmp->st_atimespec;
   ~~~  ^
1 error generated.
make[1]: Leaving directory `/root/git/coreclr/bin/obj/Linux.x64.Debug/CMakeFiles/CMakeTmp'
make[1]: *** [CMakeFiles/cmTryCompileExec2519131780.dir/src.c.o] Error 1
make: *** [cmTryCompileExec2519131780/fast] Error 2

Source file was:

#include <sys/types.h>
#include <sys/stat.h>

int main()
{
   struct stat* tmp;
   tmp->st_atimespec;
  return 0;
}

Performing C SOURCE FILE Test HAVE_STAT_NSEC failed with the following output:
Change Dir: /root/git/coreclr/bin/obj/Linux.x64.Debug/CMakeFiles/CMakeTmp

Run Build Command:/usr/bin/make "cmTryCompileExec2468722887/fast"
/usr/bin/make -f CMakeFiles/cmTryCompileExec2468722887.dir/build.make CMakeFiles/cmTryCompileExec2468722887.dir/build
make[1]: Entering directory `/root/git/coreclr/bin/obj/Linux.x64.Debug/CMakeFiles/CMakeTmp'
/usr/bin/cmake -E cmake_progress_report /root/git/coreclr/bin/obj/Linux.x64.Debug/CMakeFiles/CMakeTmp/CMakeFiles 1
Building C object CMakeFiles/cmTryCompileExec2468722887.dir/src.c.o
/usr/bin/clang-3.5  -D_DEFAULT_SOURCE -D_FILE_OFFSET_BITS=64 -D_POSIX_C_SOURCE=200809L -Wall -std=c11 -DHAVE_STAT_NSEC   -o CMakeFiles/cmTryCompileExec2468722887.dir/src.c.o   -c /root/git/coreclr/bin/obj/Linux.x64.Debug/CMakeFiles/CMakeTmp/src.c
/root/git/coreclr/bin/obj/Linux.x64.Debug/CMakeFiles/CMakeTmp/src.c:8:9: error: no member named 'st_atimensec' in 'struct stat'
   tmp->st_atimensec;
   ~~~  ^
1 error generated.
make[1]: Leaving directory `/root/git/coreclr/bin/obj/Linux.x64.Debug/CMakeFiles/CMakeTmp'
make[1]: *** [CMakeFiles/cmTryCompileExec2468722887.dir/src.c.o] Error 1
make: *** [cmTryCompileExec2468722887/fast] Error 2

Source file was:

#include <sys/types.h>
#include <sys/stat.h>

int main()
{
   struct stat* tmp;
   tmp->st_atimensec;
  return 0;
}

Performing C SOURCE FILE Test HAVE___GREGSET_T failed with the following output:
Change Dir: /root/git/coreclr/bin/obj/Linux.x64.Debug/CMakeFiles/CMakeTmp

Run Build Command:/usr/bin/make "cmTryCompileExec3171161361/fast"
/usr/bin/make -f CMakeFiles/cmTryCompileExec3171161361.dir/build.make CMakeFiles/cmTryCompileExec3171161361.dir/build
make[1]: Entering directory `/root/git/coreclr/bin/obj/Linux.x64.Debug/CMakeFiles/CMakeTmp'
/usr/bin/cmake -E cmake_progress_report /root/git/coreclr/bin/obj/Linux.x64.Debug/CMakeFiles/CMakeTmp/CMakeFiles 1
Building C object CMakeFiles/cmTryCompileExec3171161361.dir/src.c.o
/usr/bin/clang-3.5  -D_DEFAULT_SOURCE -D_FILE_OFFSET_BITS=64 -D_POSIX_C_SOURCE=200809L -Wall -std=c11 -DHAVE___GREGSET_T   -o CMakeFiles/cmTryCompileExec3171161361.dir/src.c.o   -c /root/git/coreclr/bin/obj/Linux.x64.Debug/CMakeFiles/CMakeTmp/src.c
/root/git/coreclr/bin/obj/Linux.x64.Debug/CMakeFiles/CMakeTmp/src.c:7:21: error: no member named '__gregs' in 'mcontext_t'; did you mean 'gregs'?
   tmp->uc_mcontext.__gregs[0];
                    ^~~~~~~
                    gregs
/usr/include/x86_64-linux-gnu/sys/ucontext.h:126:15: note: 'gregs' declared here
    gregset_t gregs;
              ^
/root/git/coreclr/bin/obj/Linux.x64.Debug/CMakeFiles/CMakeTmp/src.c:7:30: warning: expression result unused [-Wunused-value]
   tmp->uc_mcontext.__gregs[0];
   ~~~~~~~~~~~~~~~~~~~~~~~~ ~^
1 warning and 1 error generated.
make[1]: Leaving directory `/root/git/coreclr/bin/obj/Linux.x64.Debug/CMakeFiles/CMakeTmp'
make[1]: *** [CMakeFiles/cmTryCompileExec3171161361.dir/src.c.o] Error 1
make: *** [cmTryCompileExec3171161361/fast] Error 2

Source file was:

#include <ucontext.h>

int main()
{
   ucontext_t* tmp;
   tmp->uc_mcontext.__gregs[0];
  return 0;
}

Determining size of struct reg failed with the following output:
Change Dir: /root/git/coreclr/bin/obj/Linux.x64.Debug/CMakeFiles/CMakeTmp

Run Build Command:/usr/bin/make "cmTryCompileExec3964725254/fast"
/usr/bin/make -f CMakeFiles/cmTryCompileExec3964725254.dir/build.make CMakeFiles/cmTryCompileExec3964725254.dir/build
make[1]: Entering directory `/root/git/coreclr/bin/obj/Linux.x64.Debug/CMakeFiles/CMakeTmp'
/usr/bin/cmake -E cmake_progress_report /root/git/coreclr/bin/obj/Linux.x64.Debug/CMakeFiles/CMakeTmp/CMakeFiles 1
Building C object CMakeFiles/cmTryCompileExec3964725254.dir/BSD_REGS_T.c.o
/usr/bin/clang-3.5  -D_DEFAULT_SOURCE -D_FILE_OFFSET_BITS=64 -D_POSIX_C_SOURCE=200809L -Wall -std=c11    -o CMakeFiles/cmTryCompileExec3964725254.dir/BSD_REGS_T.c.o   -c /root/git/coreclr/bin/obj/Linux.x64.Debug/CMakeFiles/CheckTypeSize/BSD_REGS_T.c
/root/git/coreclr/bin/obj/Linux.x64.Debug/CMakeFiles/CheckTypeSize/BSD_REGS_T.c:4:10: fatal error: 'machine/reg.h' file not found
#include "machine/reg.h"
         ^
1 error generated.
make[1]: Leaving directory `/root/git/coreclr/bin/obj/Linux.x64.Debug/CMakeFiles/CMakeTmp'
make[1]: *** [CMakeFiles/cmTryCompileExec3964725254.dir/BSD_REGS_T.c.o] Error 1
make: *** [cmTryCompileExec3964725254/fast] Error 2

/root/git/coreclr/bin/obj/Linux.x64.Debug/CMakeFiles/CheckTypeSize/BSD_REGS_T.c:
#include <sys/types.h>
#include <stdint.h>
#include <stddef.h>
#include "machine/reg.h"


#undef KEY
#if defined(__i386)
# define KEY '_','_','i','3','8','6'
#elif defined(__x86_64)
# define KEY '_','_','x','8','6','_','6','4'
#elif defined(__ppc__)
# define KEY '_','_','p','p','c','_','_'
#elif defined(__ppc64__)
# define KEY '_','_','p','p','c','6','4','_','_'
#endif

#define SIZE (sizeof(struct reg))
char info_size[] =  {'I', 'N', 'F', 'O', ':', 's','i','z','e','[',
  ('0' + ((SIZE / 10000)%10)),
  ('0' + ((SIZE / 1000)%10)),
  ('0' + ((SIZE / 100)%10)),
  ('0' + ((SIZE / 10)%10)),
  ('0' +  (SIZE    % 10)),
  ']',
#ifdef KEY
  ' ','k','e','y','[', KEY, ']',
#endif
  '\0'};

#ifdef __CLASSIC_C__
int main(argc, argv) int argc; char *argv[];
#else
int main(int argc, char *argv[])
#endif
{
  int require = 0;
  require += info_size[argc];
  (void)argv;
  return require;
}


Determining size of prwatch_t failed with the following output:
Change Dir: /root/git/coreclr/bin/obj/Linux.x64.Debug/CMakeFiles/CMakeTmp

Run Build Command:/usr/bin/make "cmTryCompileExec871659955/fast"
/usr/bin/make -f CMakeFiles/cmTryCompileExec871659955.dir/build.make CMakeFiles/cmTryCompileExec871659955.dir/build
make[1]: Entering directory `/root/git/coreclr/bin/obj/Linux.x64.Debug/CMakeFiles/CMakeTmp'
/usr/bin/cmake -E cmake_progress_report /root/git/coreclr/bin/obj/Linux.x64.Debug/CMakeFiles/CMakeTmp/CMakeFiles 1
Building C object CMakeFiles/cmTryCompileExec871659955.dir/PRWATCH_T.c.o
/usr/bin/clang-3.5  -D_DEFAULT_SOURCE -D_FILE_OFFSET_BITS=64 -D_POSIX_C_SOURCE=200809L -Wall -std=c11    -o CMakeFiles/cmTryCompileExec871659955.dir/PRWATCH_T.c.o   -c /root/git/coreclr/bin/obj/Linux.x64.Debug/CMakeFiles/CheckTypeSize/PRWATCH_T.c
/root/git/coreclr/bin/obj/Linux.x64.Debug/CMakeFiles/CheckTypeSize/PRWATCH_T.c:19:12: error: use of undeclared identifier 'prwatch_t'
  ('0' + ((SIZE / 10000)%10)),
           ^
/root/git/coreclr/bin/obj/Linux.x64.Debug/CMakeFiles/CheckTypeSize/PRWATCH_T.c:17:22: note: expanded from macro 'SIZE'
#define SIZE (sizeof(prwatch_t))
                     ^
/root/git/coreclr/bin/obj/Linux.x64.Debug/CMakeFiles/CheckTypeSize/PRWATCH_T.c:20:12: error: use of undeclared identifier 'prwatch_t'
  ('0' + ((SIZE / 1000)%10)),
           ^
/root/git/coreclr/bin/obj/Linux.x64.Debug/CMakeFiles/CheckTypeSize/PRWATCH_T.c:17:22: note: expanded from macro 'SIZE'
#define SIZE (sizeof(prwatch_t))
                     ^
/root/git/coreclr/bin/obj/Linux.x64.Debug/CMakeFiles/CheckTypeSize/PRWATCH_T.c:21:12: error: use of undeclared identifier 'prwatch_t'
  ('0' + ((SIZE / 100)%10)),
           ^
/root/git/coreclr/bin/obj/Linux.x64.Debug/CMakeFiles/CheckTypeSize/PRWATCH_T.c:17:22: note: expanded from macro 'SIZE'
#define SIZE (sizeof(prwatch_t))
                     ^
/root/git/coreclr/bin/obj/Linux.x64.Debug/CMakeFiles/CheckTypeSize/PRWATCH_T.c:22:12: error: use of undeclared identifier 'prwatch_t'
  ('0' + ((SIZE / 10)%10)),
           ^
/root/git/coreclr/bin/obj/Linux.x64.Debug/CMakeFiles/CheckTypeSize/PRWATCH_T.c:17:22: note: expanded from macro 'SIZE'
#define SIZE (sizeof(prwatch_t))
                     ^
/root/git/coreclr/bin/obj/Linux.x64.Debug/CMakeFiles/CheckTypeSize/PRWATCH_T.c:23:12: error: use of undeclared identifier 'prwatch_t'
  ('0' +  (SIZE    % 10)),
           ^
/root/git/coreclr/bin/obj/Linux.x64.Debug/CMakeFiles/CheckTypeSize/PRWATCH_T.c:17:22: note: expanded from macro 'SIZE'
#define SIZE (sizeof(prwatch_t))
                     ^
5 errors generated.
make[1]: Leaving directory `/root/git/coreclr/bin/obj/Linux.x64.Debug/CMakeFiles/CMakeTmp'
make[1]: *** [CMakeFiles/cmTryCompileExec871659955.dir/PRWATCH_T.c.o] Error 1
make: *** [cmTryCompileExec871659955/fast] Error 2

/root/git/coreclr/bin/obj/Linux.x64.Debug/CMakeFiles/CheckTypeSize/PRWATCH_T.c:
#include <sys/types.h>
#include <stdint.h>
#include <stddef.h>


#undef KEY
#if defined(__i386)
# define KEY '_','_','i','3','8','6'
#elif defined(__x86_64)
# define KEY '_','_','x','8','6','_','6','4'
#elif defined(__ppc__)
# define KEY '_','_','p','p','c','_','_'
#elif defined(__ppc64__)
# define KEY '_','_','p','p','c','6','4','_','_'
#endif

#define SIZE (sizeof(prwatch_t))
char info_size[] =  {'I', 'N', 'F', 'O', ':', 's','i','z','e','[',
  ('0' + ((SIZE / 10000)%10)),
  ('0' + ((SIZE / 1000)%10)),
  ('0' + ((SIZE / 100)%10)),
  ('0' + ((SIZE / 10)%10)),
  ('0' +  (SIZE    % 10)),
  ']',
#ifdef KEY
  ' ','k','e','y','[', KEY, ']',
#endif
  '\0'};

#ifdef __CLASSIC_C__
int main(argc, argv) int argc; char *argv[];
#else
int main(int argc, char *argv[])
#endif
{
  int require = 0;
  require += info_size[argc];
  (void)argv;
  return require;
}


Determining if the SYS_yield exist failed with the following output:
Change Dir: /root/git/coreclr/bin/obj/Linux.x64.Debug/CMakeFiles/CMakeTmp

Run Build Command:/usr/bin/make "cmTryCompileExec155352915/fast"
/usr/bin/make -f CMakeFiles/cmTryCompileExec155352915.dir/build.make CMakeFiles/cmTryCompileExec155352915.dir/build
make[1]: Entering directory `/root/git/coreclr/bin/obj/Linux.x64.Debug/CMakeFiles/CMakeTmp'
/usr/bin/cmake -E cmake_progress_report /root/git/coreclr/bin/obj/Linux.x64.Debug/CMakeFiles/CMakeTmp/CMakeFiles 1
Building CXX object CMakeFiles/cmTryCompileExec155352915.dir/CheckSymbolExists.cxx.o
/usr/bin/clang++-3.5   -D_DEFAULT_SOURCE -D_FILE_OFFSET_BITS=64 -D_POSIX_C_SOURCE=200809L -Wall -Wno-null-conversion -std=c++11    -o CMakeFiles/cmTryCompileExec155352915.dir/CheckSymbolExists.cxx.o -c /root/git/coreclr/bin/obj/Linux.x64.Debug/CMakeFiles/CMakeTmp/CheckSymbolExists.cxx
/root/git/coreclr/bin/obj/Linux.x64.Debug/CMakeFiles/CMakeTmp/CheckSymbolExists.cxx:8:19: error: use of undeclared identifier 'SYS_yield'
  return ((int*)(&SYS_yield))[argc];
                  ^
1 error generated.
make[1]: Leaving directory `/root/git/coreclr/bin/obj/Linux.x64.Debug/CMakeFiles/CMakeTmp'
make[1]: *** [CMakeFiles/cmTryCompileExec155352915.dir/CheckSymbolExists.cxx.o] Error 1
make: *** [cmTryCompileExec155352915/fast] Error 2

File /root/git/coreclr/bin/obj/Linux.x64.Debug/CMakeFiles/CMakeTmp/CheckSymbolExists.cxx:
/* */
#include <sys/syscall.h>

int main(int argc, char** argv)
{
  (void)argv;
#ifndef SYS_yield
  return ((int*)(&SYS_yield))[argc];
#else
  (void)argc;
  return 0;
#endif
}

Determining if the INFTIM exist failed with the following output:
Change Dir: /root/git/coreclr/bin/obj/Linux.x64.Debug/CMakeFiles/CMakeTmp

Run Build Command:/usr/bin/make "cmTryCompileExec730363603/fast"
/usr/bin/make -f CMakeFiles/cmTryCompileExec730363603.dir/build.make CMakeFiles/cmTryCompileExec730363603.dir/build
make[1]: Entering directory `/root/git/coreclr/bin/obj/Linux.x64.Debug/CMakeFiles/CMakeTmp'
/usr/bin/cmake -E cmake_progress_report /root/git/coreclr/bin/obj/Linux.x64.Debug/CMakeFiles/CMakeTmp/CMakeFiles 1
Building CXX object CMakeFiles/cmTryCompileExec730363603.dir/CheckSymbolExists.cxx.o
/usr/bin/clang++-3.5   -D_DEFAULT_SOURCE -D_FILE_OFFSET_BITS=64 -D_POSIX_C_SOURCE=200809L -Wall -Wno-null-conversion -std=c++11    -o CMakeFiles/cmTryCompileExec730363603.dir/CheckSymbolExists.cxx.o -c /root/git/coreclr/bin/obj/Linux.x64.Debug/CMakeFiles/CMakeTmp/CheckSymbolExists.cxx
/root/git/coreclr/bin/obj/Linux.x64.Debug/CMakeFiles/CMakeTmp/CheckSymbolExists.cxx:8:19: error: use of undeclared identifier 'INFTIM'
  return ((int*)(&INFTIM))[argc];
                  ^
1 error generated.
make[1]: Leaving directory `/root/git/coreclr/bin/obj/Linux.x64.Debug/CMakeFiles/CMakeTmp'
make[1]: *** [CMakeFiles/cmTryCompileExec730363603.dir/CheckSymbolExists.cxx.o] Error 1
make: *** [cmTryCompileExec730363603/fast] Error 2

File /root/git/coreclr/bin/obj/Linux.x64.Debug/CMakeFiles/CMakeTmp/CheckSymbolExists.cxx:
/* */
#include <poll.h>

int main(int argc, char** argv)
{
  (void)argv;
#ifndef INFTIM
  return ((int*)(&INFTIM))[argc];
#else
  (void)argc;
  return 0;
#endif
}

Determining if the _DEBUG exist failed with the following output:
Change Dir: /root/git/coreclr/bin/obj/Linux.x64.Debug/CMakeFiles/CMakeTmp

Run Build Command:/usr/bin/make "cmTryCompileExec3769988441/fast"
/usr/bin/make -f CMakeFiles/cmTryCompileExec3769988441.dir/build.make CMakeFiles/cmTryCompileExec3769988441.dir/build
make[1]: Entering directory `/root/git/coreclr/bin/obj/Linux.x64.Debug/CMakeFiles/CMakeTmp'
/usr/bin/cmake -E cmake_progress_report /root/git/coreclr/bin/obj/Linux.x64.Debug/CMakeFiles/CMakeTmp/CMakeFiles 1
Building CXX object CMakeFiles/cmTryCompileExec3769988441.dir/CheckSymbolExists.cxx.o
/usr/bin/clang++-3.5   -D_DEFAULT_SOURCE -D_FILE_OFFSET_BITS=64 -D_POSIX_C_SOURCE=200809L -Wall -Wno-null-conversion -std=c++11    -o CMakeFiles/cmTryCompileExec3769988441.dir/CheckSymbolExists.cxx.o -c /root/git/coreclr/bin/obj/Linux.x64.Debug/CMakeFiles/CMakeTmp/CheckSymbolExists.cxx
/root/git/coreclr/bin/obj/Linux.x64.Debug/CMakeFiles/CMakeTmp/CheckSymbolExists.cxx:8:19: error: use of undeclared identifier '_DEBUG'
  return ((int*)(&_DEBUG))[argc];
                  ^
1 error generated.
make[1]: Leaving directory `/root/git/coreclr/bin/obj/Linux.x64.Debug/CMakeFiles/CMakeTmp'
make[1]: *** [CMakeFiles/cmTryCompileExec3769988441.dir/CheckSymbolExists.cxx.o] Error 1
make: *** [cmTryCompileExec3769988441/fast] Error 2

File /root/git/coreclr/bin/obj/Linux.x64.Debug/CMakeFiles/CMakeTmp/CheckSymbolExists.cxx:
/* */
#include <sys/user.h>

int main(int argc, char** argv)
{
  (void)argv;
#ifndef _DEBUG
  return ((int*)(&_DEBUG))[argc];
#else
  (void)argc;
  return 0;
#endif
}

Performing C++ SOURCE FILE Test HAVE_BSD_UUID_H failed with the following output:
Change Dir: /root/git/coreclr/bin/obj/Linux.x64.Debug/CMakeFiles/CMakeTmp

Run Build Command:/usr/bin/make "cmTryCompileExec2401982296/fast"
/usr/bin/make -f CMakeFiles/cmTryCompileExec2401982296.dir/build.make CMakeFiles/cmTryCompileExec2401982296.dir/build
make[1]: Entering directory `/root/git/coreclr/bin/obj/Linux.x64.Debug/CMakeFiles/CMakeTmp'
/usr/bin/cmake -E cmake_progress_report /root/git/coreclr/bin/obj/Linux.x64.Debug/CMakeFiles/CMakeTmp/CMakeFiles 1
Building CXX object CMakeFiles/cmTryCompileExec2401982296.dir/src.cxx.o
/usr/bin/clang++-3.5   -D_DEFAULT_SOURCE -D_FILE_OFFSET_BITS=64 -D_POSIX_C_SOURCE=200809L -Wall -Wno-null-conversion -std=c++11 -DHAVE_BSD_UUID_H   -o CMakeFiles/cmTryCompileExec2401982296.dir/src.cxx.o -c /root/git/coreclr/bin/obj/Linux.x64.Debug/CMakeFiles/CMakeTmp/src.cxx
/root/git/coreclr/bin/obj/Linux.x64.Debug/CMakeFiles/CMakeTmp/src.cxx:2:10: fatal error: 'uuid.h' file not found
#include <uuid.h>
         ^
1 error generated.
make[1]: Leaving directory `/root/git/coreclr/bin/obj/Linux.x64.Debug/CMakeFiles/CMakeTmp'
make[1]: *** [CMakeFiles/cmTryCompileExec2401982296.dir/src.cxx.o] Error 1
make: *** [cmTryCompileExec2401982296/fast] Error 2

Return value: 1
Source file was:

#include <uuid.h>

int main(void) {
  uuid_t uuid;
  uint32_t status;
  uuid_create(&uuid, &status);
  return 0;
}
Performing C++ SOURCE FILE Test REALPATH_SUPPORTS_NONEXISTENT_FILES failed with the following output:
Change Dir: /root/git/coreclr/bin/obj/Linux.x64.Debug/CMakeFiles/CMakeTmp

Run Build Command:/usr/bin/make "cmTryCompileExec2432826357/fast"
/usr/bin/make -f CMakeFiles/cmTryCompileExec2432826357.dir/build.make CMakeFiles/cmTryCompileExec2432826357.dir/build
make[1]: Entering directory `/root/git/coreclr/bin/obj/Linux.x64.Debug/CMakeFiles/CMakeTmp'
/usr/bin/cmake -E cmake_progress_report /root/git/coreclr/bin/obj/Linux.x64.Debug/CMakeFiles/CMakeTmp/CMakeFiles 1
Building CXX object CMakeFiles/cmTryCompileExec2432826357.dir/src.cxx.o
/usr/bin/clang++-3.5   -D_DEFAULT_SOURCE -D_FILE_OFFSET_BITS=64 -D_POSIX_C_SOURCE=200809L -Wall -Wno-null-conversion -std=c++11 -DREALPATH_SUPPORTS_NONEXISTENT_FILES   -o CMakeFiles/cmTryCompileExec2432826357.dir/src.cxx.o -c /root/git/coreclr/bin/obj/Linux.x64.Debug/CMakeFiles/CMakeTmp/src.cxx
Linking CXX executable cmTryCompileExec2432826357
/usr/bin/cmake -E cmake_link_script CMakeFiles/cmTryCompileExec2432826357.dir/link.txt --verbose=1
/usr/bin/clang++-3.5    -Wall -Wno-null-conversion -std=c++11 -DREALPATH_SUPPORTS_NONEXISTENT_FILES    CMakeFiles/cmTryCompileExec2432826357.dir/src.cxx.o  -o cmTryCompileExec2432826357 -rdynamic 
make[1]: Leaving directory `/root/git/coreclr/bin/obj/Linux.x64.Debug/CMakeFiles/CMakeTmp'

Return value: 1
Source file was:

#include <sys/param.h>
#include <stdlib.h>

int main(void) {
  char *path;
#ifdef PATH_MAX
  char resolvedPath[PATH_MAX];
#elif defined(MAXPATHLEN)
  char resolvedPath[MAXPATHLEN];
#else
  char resolvedPath[1024];
#endif
  path = realpath("a_nonexistent_file", resolvedPath);
  if (path == NULL) {
    exit(1);
  }
  exit(0);
}
Performing C++ SOURCE FILE Test SSCANF_CANNOT_HANDLE_MISSING_EXPONENT failed with the following output:
Change Dir: /root/git/coreclr/bin/obj/Linux.x64.Debug/CMakeFiles/CMakeTmp

Run Build Command:/usr/bin/make "cmTryCompileExec3080370735/fast"
/usr/bin/make -f CMakeFiles/cmTryCompileExec3080370735.dir/build.make CMakeFiles/cmTryCompileExec3080370735.dir/build
make[1]: Entering directory `/root/git/coreclr/bin/obj/Linux.x64.Debug/CMakeFiles/CMakeTmp'
/usr/bin/cmake -E cmake_progress_report /root/git/coreclr/bin/obj/Linux.x64.Debug/CMakeFiles/CMakeTmp/CMakeFiles 1
Building CXX object CMakeFiles/cmTryCompileExec3080370735.dir/src.cxx.o
/usr/bin/clang++-3.5   -D_DEFAULT_SOURCE -D_FILE_OFFSET_BITS=64 -D_POSIX_C_SOURCE=200809L -Wall -Wno-null-conversion -std=c++11 -DSSCANF_CANNOT_HANDLE_MISSING_EXPONENT   -o CMakeFiles/cmTryCompileExec3080370735.dir/src.cxx.o -c /root/git/coreclr/bin/obj/Linux.x64.Debug/CMakeFiles/CMakeTmp/src.cxx
/root/git/coreclr/bin/obj/Linux.x64.Debug/CMakeFiles/CMakeTmp/src.cxx:9:18: warning: ISO C++11 does not allow conversion from string literal to 'char *' [-Wwritable-strings]
  char * strin = "12.34e";
                 ^
1 warning generated.
Linking CXX executable cmTryCompileExec3080370735
/usr/bin/cmake -E cmake_link_script CMakeFiles/cmTryCompileExec3080370735.dir/link.txt --verbose=1
/usr/bin/clang++-3.5    -Wall -Wno-null-conversion -std=c++11 -DSSCANF_CANNOT_HANDLE_MISSING_EXPONENT    CMakeFiles/cmTryCompileExec3080370735.dir/src.cxx.o  -o cmTryCompileExec3080370735 -rdynamic 
make[1]: Leaving directory `/root/git/coreclr/bin/obj/Linux.x64.Debug/CMakeFiles/CMakeTmp'

Return value: 1
Source file was:

#include <stdio.h>
#include <stdlib.h>

int main()
{
  int ret;
  float f = 0;
  char * strin = "12.34e";

  ret = sscanf (strin, "%e", &f);
  if (ret <= 0)
    exit (0);
  exit(1);
}
Performing C++ SOURCE FILE Test HAVE_BROKEN_FIFO_SELECT failed with the following output:
Change Dir: /root/git/coreclr/bin/obj/Linux.x64.Debug/CMakeFiles/CMakeTmp

Run Build Command:/usr/bin/make "cmTryCompileExec2190027698/fast"
/usr/bin/make -f CMakeFiles/cmTryCompileExec2190027698.dir/build.make CMakeFiles/cmTryCompileExec2190027698.dir/build
make[1]: Entering directory `/root/git/coreclr/bin/obj/Linux.x64.Debug/CMakeFiles/CMakeTmp'
/usr/bin/cmake -E cmake_progress_report /root/git/coreclr/bin/obj/Linux.x64.Debug/CMakeFiles/CMakeTmp/CMakeFiles 1
Building CXX object CMakeFiles/cmTryCompileExec2190027698.dir/src.cxx.o
/usr/bin/clang++-3.5   -D_DEFAULT_SOURCE -D_FILE_OFFSET_BITS=64 -D_POSIX_C_SOURCE=200809L -Wall -Wno-null-conversion -std=c++11 -DHAVE_BROKEN_FIFO_SELECT   -o CMakeFiles/cmTryCompileExec2190027698.dir/src.cxx.o -c /root/git/coreclr/bin/obj/Linux.x64.Debug/CMakeFiles/CMakeTmp/src.cxx
/root/git/coreclr/bin/obj/Linux.x64.Debug/CMakeFiles/CMakeTmp/src.cxx:52:10: error: use of undeclared identifier 'numFD'; did you mean 'numFDs'?
    exit(numFD==0);
         ^~~~~
         numFDs
/root/git/coreclr/bin/obj/Linux.x64.Debug/CMakeFiles/CMakeTmp/src.cxx:12:13: note: 'numFDs' declared here
    int fd, numFDs;
            ^
1 error generated.
make[1]: Leaving directory `/root/git/coreclr/bin/obj/Linux.x64.Debug/CMakeFiles/CMakeTmp'
make[1]: *** [CMakeFiles/cmTryCompileExec2190027698.dir/src.cxx.o] Error 1
make: *** [cmTryCompileExec2190027698/fast] Error 2

Return value: 1
Source file was:

#include <stdio.h>
#include <stdlib.h>
#include <fcntl.h>
#include <string.h>
#include <sys/stat.h>
#include <sys/types.h>
#include <sys/time.h>
#include <unistd.h>

int main(void) {
    int fd, numFDs;
    fd_set readFDs, writeFDs, exceptFDs;
    struct timeval time = { 0 };
    char * filename = NULL;

    filename = (char *)malloc(L_tmpnam * sizeof(char)); /* ok to leak this at exit */
    if (NULL == filename) {
      exit(0);
    }

    /* On some platforms (e.g. HP-UX) the multithreading c-runtime does not
       support the tmpnam(NULL) semantics, and it returns NULL. Therefore
       we need to use the tmpnam(pbuffer) version.
    */
    if (NULL == tmpnam(filename)) {
      exit(0);
    }
    if (mkfifo(filename, S_IRWXU) != 0) {
      if (unlink(filename) != 0) {
        exit(0);
      }
      if (mkfifo(filename, S_IRWXU) != 0) {
        exit(0);
      }
    }
    fd = open(filename, O_RDWR | O_NONBLOCK);
    if (fd == -1) {
      exit(0);
    }

    FD_ZERO(&readFDs);
    FD_ZERO(&writeFDs);
    FD_ZERO(&exceptFDs);
    FD_SET(fd, &readFDs);
    numFDs = select(fd + 1, &readFDs, &writeFDs, &exceptFDs, &time);

    close(fd);
    unlink(filename);

    /* numFDs is zero if select() works correctly */
    exit(numFD==0);
}
Performing C++ SOURCE FILE Test HAVE_BROKEN_FIFO_KEVENT failed with the following output:
Change Dir: /root/git/coreclr/bin/obj/Linux.x64.Debug/CMakeFiles/CMakeTmp

Run Build Command:/usr/bin/make "cmTryCompileExec2728257073/fast"
/usr/bin/make -f CMakeFiles/cmTryCompileExec2728257073.dir/build.make CMakeFiles/cmTryCompileExec2728257073.dir/build
make[1]: Entering directory `/root/git/coreclr/bin/obj/Linux.x64.Debug/CMakeFiles/CMakeTmp'
/usr/bin/cmake -E cmake_progress_report /root/git/coreclr/bin/obj/Linux.x64.Debug/CMakeFiles/CMakeTmp/CMakeFiles 1
Building CXX object CMakeFiles/cmTryCompileExec2728257073.dir/src.cxx.o
/usr/bin/clang++-3.5   -D_DEFAULT_SOURCE -D_FILE_OFFSET_BITS=64 -D_POSIX_C_SOURCE=200809L -Wall -Wno-null-conversion -std=c++11 -DHAVE_BROKEN_FIFO_KEVENT   -o CMakeFiles/cmTryCompileExec2728257073.dir/src.cxx.o -c /root/git/coreclr/bin/obj/Linux.x64.Debug/CMakeFiles/CMakeTmp/src.cxx
/root/git/coreclr/bin/obj/Linux.x64.Debug/CMakeFiles/CMakeTmp/src.cxx:9:10: fatal error: 'sys/event.h' file not found
#include <sys/event.h>
         ^
1 error generated.
make[1]: Leaving directory `/root/git/coreclr/bin/obj/Linux.x64.Debug/CMakeFiles/CMakeTmp'
make[1]: *** [CMakeFiles/cmTryCompileExec2728257073.dir/src.cxx.o] Error 1
make: *** [cmTryCompileExec2728257073/fast] Error 2

Return value: 1
Source file was:

#include <stdio.h>
#include <stdlib.h>
#include <unistd.h>
#include <fcntl.h>
#include <string.h>
#include <errno.h>
#include <sys/types.h>
#include <sys/event.h>
#include <sys/time.h>
#include <sys/stat.h>

int main(void)
{
  int ikq;
  int iRet;
  int fd;
  struct kevent ke, keChangeList;
  struct timespec ts = { 0, 0 };

  char * filename = NULL;

  filename = (char *)malloc(L_tmpnam * sizeof(char)); /* ok to leak this at exit */
  if (NULL == filename)
  {
    exit(1);
  }

  /* On some platforms (e.g. HP-UX) the multithreading c-runtime does not
     support the tmpnam(NULL) semantics, and it returns NULL. Therefore
     we need to use the tmpnam(pbuffer) version.
  */
  if (NULL == tmpnam(filename)) {
    exit(0);
  }
  if (mkfifo(filename, S_IRWXU) != 0) {
    if (unlink(filename) != 0) {
      exit(0);
    }
    if (mkfifo(filename, S_IRWXU) != 0) {
      exit(0);
    }
  }
  fd = open(filename, O_RDWR | O_NONBLOCK);
  if (fd == -1) {
    exit(0);
  }

  EV_SET(&keChangeList, fd, EVFILT_READ, EV_ADD | EV_CLEAR, 0, 0, NULL);
  ikq = kqueue();
  iRet = kevent(ikq, &keChangeList, 1, &ke, 1, &ts);

  close(fd);
  unlink(filename);

  /* iRet is zero is kevent() works correctly */
  return(iRet==0);
}
Performing C++ SOURCE FILE Test HAVE_MACH_ABSOLUTE_TIME failed with the following output:
Change Dir: /root/git/coreclr/bin/obj/Linux.x64.Debug/CMakeFiles/CMakeTmp

Run Build Command:/usr/bin/make "cmTryCompileExec675767815/fast"
/usr/bin/make -f CMakeFiles/cmTryCompileExec675767815.dir/build.make CMakeFiles/cmTryCompileExec675767815.dir/build
make[1]: Entering directory `/root/git/coreclr/bin/obj/Linux.x64.Debug/CMakeFiles/CMakeTmp'
/usr/bin/cmake -E cmake_progress_report /root/git/coreclr/bin/obj/Linux.x64.Debug/CMakeFiles/CMakeTmp/CMakeFiles 1
Building CXX object CMakeFiles/cmTryCompileExec675767815.dir/src.cxx.o
/usr/bin/clang++-3.5   -D_DEFAULT_SOURCE -D_FILE_OFFSET_BITS=64 -D_POSIX_C_SOURCE=200809L -Wall -Wno-null-conversion -std=c++11 -DHAVE_MACH_ABSOLUTE_TIME   -o CMakeFiles/cmTryCompileExec675767815.dir/src.cxx.o -c /root/git/coreclr/bin/obj/Linux.x64.Debug/CMakeFiles/CMakeTmp/src.cxx
/root/git/coreclr/bin/obj/Linux.x64.Debug/CMakeFiles/CMakeTmp/src.cxx:3:10: fatal error: 'mach/mach_time.h' file not found
#include <mach/mach_time.h>
         ^
1 error generated.
make[1]: Leaving directory `/root/git/coreclr/bin/obj/Linux.x64.Debug/CMakeFiles/CMakeTmp'
make[1]: *** [CMakeFiles/cmTryCompileExec675767815.dir/src.cxx.o] Error 1
make: *** [cmTryCompileExec675767815/fast] Error 2

Return value: 1
Source file was:

#include <stdlib.h>
#include <mach/mach_time.h>

int main()
{
  int ret;
  mach_timebase_info_data_t timebaseInfo;
  ret = mach_timebase_info(&timebaseInfo);
  mach_absolute_time();
  exit(ret);
}
Performing C++ SOURCE FILE Test MMAP_IGNORES_HINT failed with the following output:
Change Dir: /root/git/coreclr/bin/obj/Linux.x64.Debug/CMakeFiles/CMakeTmp

Run Build Command:/usr/bin/make "cmTryCompileExec1834500332/fast"
/usr/bin/make -f CMakeFiles/cmTryCompileExec1834500332.dir/build.make CMakeFiles/cmTryCompileExec1834500332.dir/build
make[1]: Entering directory `/root/git/coreclr/bin/obj/Linux.x64.Debug/CMakeFiles/CMakeTmp'
/usr/bin/cmake -E cmake_progress_report /root/git/coreclr/bin/obj/Linux.x64.Debug/CMakeFiles/CMakeTmp/CMakeFiles 1
Building CXX object CMakeFiles/cmTryCompileExec1834500332.dir/src.cxx.o
/usr/bin/clang++-3.5   -D_DEFAULT_SOURCE -D_FILE_OFFSET_BITS=64 -D_POSIX_C_SOURCE=200809L -Wall -Wno-null-conversion -std=c++11 -DMMAP_IGNORES_HINT   -o CMakeFiles/cmTryCompileExec1834500332.dir/src.cxx.o -c /root/git/coreclr/bin/obj/Linux.x64.Debug/CMakeFiles/CMakeTmp/src.cxx
Linking CXX executable cmTryCompileExec1834500332
/usr/bin/cmake -E cmake_link_script CMakeFiles/cmTryCompileExec1834500332.dir/link.txt --verbose=1
/usr/bin/clang++-3.5    -Wall -Wno-null-conversion -std=c++11 -DMMAP_IGNORES_HINT    CMakeFiles/cmTryCompileExec1834500332.dir/src.cxx.o  -o cmTryCompileExec1834500332 -rdynamic 
make[1]: Leaving directory `/root/git/coreclr/bin/obj/Linux.x64.Debug/CMakeFiles/CMakeTmp'

Return value: 1
Source file was:

#include <fcntl.h>
#include <stdlib.h>
#include <sys/types.h>
#include <sys/mman.h>
#include <unistd.h>

#ifndef MAP_ANON
#define MAP_ANON MAP_ANONYMOUS
#endif

int main(void) {
  void *hint, *ptr;
  int pagesize;
  int fd;

  pagesize = getpagesize();
  fd = open("/etc/passwd", O_RDONLY);
  if (fd == -1) {
    exit(0);
  }
  ptr = mmap(NULL, pagesize, PROT_NONE, MAP_ANON | MAP_PRIVATE, -1, 0);
  if (ptr == MAP_FAILED) {
    exit(0);
  }
  hint = mmap(NULL, pagesize, PROT_NONE, MAP_ANON | MAP_PRIVATE, -1, 0);
  if (hint == MAP_FAILED) {
    exit(0);
  }
  if (munmap(ptr, pagesize) != 0) {
    exit(0);
  }
  if (munmap(hint, pagesize) != 0) {
    exit(0);
  }
  ptr = mmap(hint, pagesize, PROT_NONE, MAP_FIXED | MAP_PRIVATE, fd, 0);
  if (ptr == MAP_FAILED || ptr != hint) {
    exit(0);
  }
  exit(1);
}
Performing C++ SOURCE FILE Test MMAP_ANON_IGNORES_PROTECTION failed with the following output:
Change Dir: /root/git/coreclr/bin/obj/Linux.x64.Debug/CMakeFiles/CMakeTmp

Run Build Command:/usr/bin/make "cmTryCompileExec3630950043/fast"
/usr/bin/make -f CMakeFiles/cmTryCompileExec3630950043.dir/build.make CMakeFiles/cmTryCompileExec3630950043.dir/build
make[1]: Entering directory `/root/git/coreclr/bin/obj/Linux.x64.Debug/CMakeFiles/CMakeTmp'
/usr/bin/cmake -E cmake_progress_report /root/git/coreclr/bin/obj/Linux.x64.Debug/CMakeFiles/CMakeTmp/CMakeFiles 1
Building CXX object CMakeFiles/cmTryCompileExec3630950043.dir/src.cxx.o
/usr/bin/clang++-3.5   -D_DEFAULT_SOURCE -D_FILE_OFFSET_BITS=64 -D_POSIX_C_SOURCE=200809L -Wall -Wno-null-conversion -std=c++11 -DMMAP_ANON_IGNORES_PROTECTION   -o CMakeFiles/cmTryCompileExec3630950043.dir/src.cxx.o -c /root/git/coreclr/bin/obj/Linux.x64.Debug/CMakeFiles/CMakeTmp/src.cxx
/root/git/coreclr/bin/obj/Linux.x64.Debug/CMakeFiles/CMakeTmp/src.cxx:27:21: error: assigning to '__sighandler_t' (aka 'void (*)(int)') from incompatible type 'void *(*)(int)': different return type ('void' vs 'void *')
  action.sa_handler = &handle_signal;
                    ^ ~~~~~~~~~~~~~~
1 error generated.
make[1]: Leaving directory `/root/git/coreclr/bin/obj/Linux.x64.Debug/CMakeFiles/CMakeTmp'
make[1]: *** [CMakeFiles/cmTryCompileExec3630950043.dir/src.cxx.o] Error 1
make: *** [cmTryCompileExec3630950043/fast] Error 2

Return value: 1
Source file was:

#include <sys/types.h>
#include <sys/mman.h>
#include <signal.h>
#include <stdlib.h>
#include <unistd.h>

#ifndef MAP_ANON
#define MAP_ANON MAP_ANONYMOUS
#endif

void *handle_signal(int signal) {
  /* If we reach this, we've crashed due to mmap honoring
  PROT_NONE. */
  _exit(1);
}

int main(void) {
  int *ptr;
  struct sigaction action;

  ptr = (int *) mmap(NULL, getpagesize(), PROT_NONE,
                     MAP_ANON | MAP_PRIVATE, -1, 0);
  if (ptr == (int *) MAP_FAILED) {
    exit(0);
  }
  action.sa_handler = &handle_signal;
  action.sa_flags = 0;
  sigemptyset(&action.sa_mask);
  if (sigaction(SIGBUS, &action, NULL) != 0) {
    exit(0);
  }
  if (sigaction(SIGSEGV, &action, NULL) != 0) {
    exit(0);
  }
  /* This will drop us into the signal handler if PROT_NONE
     is honored. */
  *ptr = 123;
  exit(0);
}
Performing C++ SOURCE FILE Test MMAP_DOESNOT_ALLOW_REMAP failed with the following output:
Change Dir: /root/git/coreclr/bin/obj/Linux.x64.Debug/CMakeFiles/CMakeTmp

Run Build Command:/usr/bin/make "cmTryCompileExec1186799920/fast"
/usr/bin/make -f CMakeFiles/cmTryCompileExec1186799920.dir/build.make CMakeFiles/cmTryCompileExec1186799920.dir/build
make[1]: Entering directory `/root/git/coreclr/bin/obj/Linux.x64.Debug/CMakeFiles/CMakeTmp'
/usr/bin/cmake -E cmake_progress_report /root/git/coreclr/bin/obj/Linux.x64.Debug/CMakeFiles/CMakeTmp/CMakeFiles 1
Building CXX object CMakeFiles/cmTryCompileExec1186799920.dir/src.cxx.o
/usr/bin/clang++-3.5   -D_DEFAULT_SOURCE -D_FILE_OFFSET_BITS=64 -D_POSIX_C_SOURCE=200809L -Wall -Wno-null-conversion -std=c++11 -DMMAP_DOESNOT_ALLOW_REMAP   -o CMakeFiles/cmTryCompileExec1186799920.dir/src.cxx.o -c /root/git/coreclr/bin/obj/Linux.x64.Debug/CMakeFiles/CMakeTmp/src.cxx
Linking CXX executable cmTryCompileExec1186799920
/usr/bin/cmake -E cmake_link_script CMakeFiles/cmTryCompileExec1186799920.dir/link.txt --verbose=1
/usr/bin/clang++-3.5    -Wall -Wno-null-conversion -std=c++11 -DMMAP_DOESNOT_ALLOW_REMAP    CMakeFiles/cmTryCompileExec1186799920.dir/src.cxx.o  -o cmTryCompileExec1186799920 -rdynamic 
make[1]: Leaving directory `/root/git/coreclr/bin/obj/Linux.x64.Debug/CMakeFiles/CMakeTmp'

Return value: 1
Source file was:

#include <stdlib.h>
#include <unistd.h>
#include <sys/types.h>
#include <sys/mman.h>

#ifndef MAP_ANON
#define MAP_ANON MAP_ANONYMOUS
#endif

int main()
{
  int iRet = 1;
  void * pAddr = MAP_FAILED;
  int MemSize = 1024;

  MemSize = getpagesize();
  pAddr = mmap(0x0, MemSize, PROT_NONE, MAP_PRIVATE | MAP_ANON, -1, 0);
  if (pAddr == MAP_FAILED)
    exit(0);

  pAddr = mmap(pAddr, MemSize, PROT_WRITE | PROT_READ, MAP_FIXED | MAP_PRIVATE | MAP_ANON, -1, 0);
  if (pAddr == MAP_FAILED)
    iRet = 0;

  munmap(pAddr, MemSize); // don't care of this
  exit (iRet);
}
Performing C++ SOURCE FILE Test ONE_SHARED_MAPPING_PER_FILEREGION_PER_PROCESS failed with the following output:
Change Dir: /root/git/coreclr/bin/obj/Linux.x64.Debug/CMakeFiles/CMakeTmp

Run Build Command:/usr/bin/make "cmTryCompileExec2033237374/fast"
/usr/bin/make -f CMakeFiles/cmTryCompileExec2033237374.dir/build.make CMakeFiles/cmTryCompileExec2033237374.dir/build
make[1]: Entering directory `/root/git/coreclr/bin/obj/Linux.x64.Debug/CMakeFiles/CMakeTmp'
/usr/bin/cmake -E cmake_progress_report /root/git/coreclr/bin/obj/Linux.x64.Debug/CMakeFiles/CMakeTmp/CMakeFiles 1
Building CXX object CMakeFiles/cmTryCompileExec2033237374.dir/src.cxx.o
/usr/bin/clang++-3.5   -D_DEFAULT_SOURCE -D_FILE_OFFSET_BITS=64 -D_POSIX_C_SOURCE=200809L -Wall -Wno-null-conversion -std=c++11 -DONE_SHARED_MAPPING_PER_FILEREGION_PER_PROCESS   -o CMakeFiles/cmTryCompileExec2033237374.dir/src.cxx.o -c /root/git/coreclr/bin/obj/Linux.x64.Debug/CMakeFiles/CMakeTmp/src.cxx
Linking CXX executable cmTryCompileExec2033237374
/usr/bin/cmake -E cmake_link_script CMakeFiles/cmTryCompileExec2033237374.dir/link.txt --verbose=1
/usr/bin/clang++-3.5    -Wall -Wno-null-conversion -std=c++11 -DONE_SHARED_MAPPING_PER_FILEREGION_PER_PROCESS    CMakeFiles/cmTryCompileExec2033237374.dir/src.cxx.o  -o cmTryCompileExec2033237374 -rdynamic 
make[1]: Leaving directory `/root/git/coreclr/bin/obj/Linux.x64.Debug/CMakeFiles/CMakeTmp'

Return value: 1
Source file was:

#include <stdio.h>
#include <unistd.h>
#include <stdlib.h>
#include <string.h>
#include <sys/types.h>
#include <sys/mman.h>

#define MEM_SIZE 1024

int main(void)
{
  char * fname;
  int fd;
  int ret;
  void * pAddr0, * pAddr1;

  fname = (char *)malloc(MEM_SIZE);
  if (!fname)
    exit(1);
  strcpy(fname, "/tmp/name/multiplemaptestXXXXXX");

  fd = mkstemp(fname);
  if (fd < 0)
    exit(1);

  ret = write (fd, (void *)fname, MEM_SIZE);
  if (ret < 0)
    exit(1);

  pAddr0 = mmap(0, MEM_SIZE, PROT_READ | PROT_WRITE, MAP_SHARED, fd, 0);
  pAddr1 = mmap(0, MEM_SIZE, PROT_READ | PROT_WRITE, MAP_SHARED, fd, 0);

  /* In theory we should look for (pAddr1 == MAP_FAILED) && (pAddr1 != MAP_FAILED)
   but in case the first test also failed, i.e. we failed to run the test,
   let's assume that the system might not allow multiple shared mapping of the
   same file region in the same process. The code enabled in this case is
   only a fall-back code path. In case the double mmap actually works, virtually
   nothing will change and the normal code path will be executed */
  if (pAddr1 == MAP_FAILED)
    ret = 1;
  else
    ret = 0;

  if (pAddr0)
    munmap (pAddr0, MEM_SIZE);
  if (pAddr1)
    munmap (pAddr1, MEM_SIZE);
  close(fd);
  unlink(fname);
  free(fname);

  exit(ret != 1);
}
Performing C++ SOURCE FILE Test PTHREAD_CREATE_MODIFIES_ERRNO failed with the following output:
Change Dir: /root/git/coreclr/bin/obj/Linux.x64.Debug/CMakeFiles/CMakeTmp

Run Build Command:/usr/bin/make "cmTryCompileExec3329375598/fast"
/usr/bin/make -f CMakeFiles/cmTryCompileExec3329375598.dir/build.make CMakeFiles/cmTryCompileExec3329375598.dir/build
make[1]: Entering directory `/root/git/coreclr/bin/obj/Linux.x64.Debug/CMakeFiles/CMakeTmp'
/usr/bin/cmake -E cmake_progress_report /root/git/coreclr/bin/obj/Linux.x64.Debug/CMakeFiles/CMakeTmp/CMakeFiles 1
Building CXX object CMakeFiles/cmTryCompileExec3329375598.dir/src.cxx.o
/usr/bin/clang++-3.5   -D_DEFAULT_SOURCE -D_FILE_OFFSET_BITS=64 -D_POSIX_C_SOURCE=200809L -Wall -Wno-null-conversion -std=c++11 -DPTHREAD_CREATE_MODIFIES_ERRNO   -o CMakeFiles/cmTryCompileExec3329375598.dir/src.cxx.o -c /root/git/coreclr/bin/obj/Linux.x64.Debug/CMakeFiles/CMakeTmp/src.cxx
Linking CXX executable cmTryCompileExec3329375598
/usr/bin/cmake -E cmake_link_script CMakeFiles/cmTryCompileExec3329375598.dir/link.txt --verbose=1
/usr/bin/clang++-3.5    -Wall -Wno-null-conversion -std=c++11 -DPTHREAD_CREATE_MODIFIES_ERRNO    CMakeFiles/cmTryCompileExec3329375598.dir/src.cxx.o  -o cmTryCompileExec3329375598 -rdynamic -lpthread 
make[1]: Leaving directory `/root/git/coreclr/bin/obj/Linux.x64.Debug/CMakeFiles/CMakeTmp'

Return value: 1
Source file was:

#include <errno.h>
#include <pthread.h>
#include <stdlib.h>

void *start_routine(void *param) { return NULL; }

int main() {
  int result;
  pthread_t tid;

  errno = 0;
  result = pthread_create(&tid, NULL, start_routine, NULL);
  if (result != 0) {
    exit(1);
  }
  if (errno != 0) {
    exit(0);
  }
  exit(1);
}
Performing C++ SOURCE FILE Test SEM_INIT_MODIFIES_ERRNO failed with the following output:
Change Dir: /root/git/coreclr/bin/obj/Linux.x64.Debug/CMakeFiles/CMakeTmp

Run Build Command:/usr/bin/make "cmTryCompileExec2431397640/fast"
/usr/bin/make -f CMakeFiles/cmTryCompileExec2431397640.dir/build.make CMakeFiles/cmTryCompileExec2431397640.dir/build
make[1]: Entering directory `/root/git/coreclr/bin/obj/Linux.x64.Debug/CMakeFiles/CMakeTmp'
/usr/bin/cmake -E cmake_progress_report /root/git/coreclr/bin/obj/Linux.x64.Debug/CMakeFiles/CMakeTmp/CMakeFiles 1
Building CXX object CMakeFiles/cmTryCompileExec2431397640.dir/src.cxx.o
/usr/bin/clang++-3.5   -D_DEFAULT_SOURCE -D_FILE_OFFSET_BITS=64 -D_POSIX_C_SOURCE=200809L -Wall -Wno-null-conversion -std=c++11 -DSEM_INIT_MODIFIES_ERRNO   -o CMakeFiles/cmTryCompileExec2431397640.dir/src.cxx.o -c /root/git/coreclr/bin/obj/Linux.x64.Debug/CMakeFiles/CMakeTmp/src.cxx
Linking CXX executable cmTryCompileExec2431397640
/usr/bin/cmake -E cmake_link_script CMakeFiles/cmTryCompileExec2431397640.dir/link.txt --verbose=1
/usr/bin/clang++-3.5    -Wall -Wno-null-conversion -std=c++11 -DSEM_INIT_MODIFIES_ERRNO    CMakeFiles/cmTryCompileExec2431397640.dir/src.cxx.o  -o cmTryCompileExec2431397640 -rdynamic -lpthread 
make[1]: Leaving directory `/root/git/coreclr/bin/obj/Linux.x64.Debug/CMakeFiles/CMakeTmp'

Return value: 1
Source file was:

#include <errno.h>
#include <semaphore.h>
#include <stdlib.h>

int main() {
  int result;
  sem_t sema;

  errno = 50;
  result = sem_init(&sema, 0, 0);
  if (result != 0)
  {
    exit(1);
  }
  if (errno != 50)
  {
    exit(0);
  }
  exit(1);
}
Performing C++ SOURCE FILE Test HAVE_PROCFS_CTL failed with the following output:
Change Dir: /root/git/coreclr/bin/obj/Linux.x64.Debug/CMakeFiles/CMakeTmp

Run Build Command:/usr/bin/make "cmTryCompileExec2615704964/fast"
/usr/bin/make -f CMakeFiles/cmTryCompileExec2615704964.dir/build.make CMakeFiles/cmTryCompileExec2615704964.dir/build
make[1]: Entering directory `/root/git/coreclr/bin/obj/Linux.x64.Debug/CMakeFiles/CMakeTmp'
/usr/bin/cmake -E cmake_progress_report /root/git/coreclr/bin/obj/Linux.x64.Debug/CMakeFiles/CMakeTmp/CMakeFiles 1
Building CXX object CMakeFiles/cmTryCompileExec2615704964.dir/src.cxx.o
/usr/bin/clang++-3.5   -D_DEFAULT_SOURCE -D_FILE_OFFSET_BITS=64 -D_POSIX_C_SOURCE=200809L -Wall -Wno-null-conversion -std=c++11 -DHAVE_PROCFS_CTL   -o CMakeFiles/cmTryCompileExec2615704964.dir/src.cxx.o -c /root/git/coreclr/bin/obj/Linux.x64.Debug/CMakeFiles/CMakeTmp/src.cxx
/root/git/coreclr/bin/obj/Linux.x64.Debug/CMakeFiles/CMakeTmp/src.cxx:18:19: error: use of undeclared identifier '$2'
  fd = open(path, $2);
                  ^
1 error generated.
make[1]: Leaving directory `/root/git/coreclr/bin/obj/Linux.x64.Debug/CMakeFiles/CMakeTmp'
make[1]: *** [CMakeFiles/cmTryCompileExec2615704964.dir/src.cxx.o] Error 1
make: *** [cmTryCompileExec2615704964/fast] Error 2

Return value: 1
Source file was:

#include <fcntl.h>
#include <stdlib.h>
#include <stdio.h>
#include <unistd.h>

int main(void) {
  int fd;
#ifdef PATH_MAX
  char path[PATH_MAX];
#elif defined(MAXPATHLEN)
  char path[MAXPATHLEN];
#else
  char path[1024];
#endif

  sprintf(path, "/proc/%u/$1", getpid());
  fd = open(path, $2);
  if (fd == -1) {
    exit(1);
  }
  exit(0);
}
Performing C++ SOURCE FILE Test HAVE_COMPATIBLE_POW failed with the following output:
Change Dir: /root/git/coreclr/bin/obj/Linux.x64.Debug/CMakeFiles/CMakeTmp

Run Build Command:/usr/bin/make "cmTryCompileExec3431598979/fast"
/usr/bin/make -f CMakeFiles/cmTryCompileExec3431598979.dir/build.make CMakeFiles/cmTryCompileExec3431598979.dir/build
make[1]: Entering directory `/root/git/coreclr/bin/obj/Linux.x64.Debug/CMakeFiles/CMakeTmp'
/usr/bin/cmake -E cmake_progress_report /root/git/coreclr/bin/obj/Linux.x64.Debug/CMakeFiles/CMakeTmp/CMakeFiles 1
Building CXX object CMakeFiles/cmTryCompileExec3431598979.dir/src.cxx.o
/usr/bin/clang++-3.5   -D_DEFAULT_SOURCE -D_FILE_OFFSET_BITS=64 -D_POSIX_C_SOURCE=200809L -Wall -Wno-null-conversion -std=c++11 -DHAVE_COMPATIBLE_POW   -o CMakeFiles/cmTryCompileExec3431598979.dir/src.cxx.o -c /root/git/coreclr/bin/obj/Linux.x64.Debug/CMakeFiles/CMakeTmp/src.cxx
Linking CXX executable cmTryCompileExec3431598979
/usr/bin/cmake -E cmake_link_script CMakeFiles/cmTryCompileExec3431598979.dir/link.txt --verbose=1
/usr/bin/clang++-3.5    -Wall -Wno-null-conversion -std=c++11 -DHAVE_COMPATIBLE_POW    CMakeFiles/cmTryCompileExec3431598979.dir/src.cxx.o  -o cmTryCompileExec3431598979 -rdynamic -lm 
make[1]: Leaving directory `/root/git/coreclr/bin/obj/Linux.x64.Debug/CMakeFiles/CMakeTmp'

Return value: 1
Source file was:

#include <math.h>
#include <stdlib.h>

int main(void) {
  double infinity = 1.0 / 0.0;
  if (!isnan(pow(1.0, infinity))) {
    exit(1);
  }
  if (pow(0.0, -1) != infinity) {
    exit(1);
  }
  exit(0);
}
Performing C++ SOURCE FILE Test HAVE_COMPATIBLE_EXP failed with the following output:
Change Dir: /root/git/coreclr/bin/obj/Linux.x64.Debug/CMakeFiles/CMakeTmp

Run Build Command:/usr/bin/make "cmTryCompileExec106276489/fast"
/usr/bin/make -f CMakeFiles/cmTryCompileExec106276489.dir/build.make CMakeFiles/cmTryCompileExec106276489.dir/build
make[1]: Entering directory `/root/git/coreclr/bin/obj/Linux.x64.Debug/CMakeFiles/CMakeTmp'
/usr/bin/cmake -E cmake_progress_report /root/git/coreclr/bin/obj/Linux.x64.Debug/CMakeFiles/CMakeTmp/CMakeFiles 1
Building CXX object CMakeFiles/cmTryCompileExec106276489.dir/src.cxx.o
/usr/bin/clang++-3.5   -D_DEFAULT_SOURCE -D_FILE_OFFSET_BITS=64 -D_POSIX_C_SOURCE=200809L -Wall -Wno-null-conversion -std=c++11 -DHAVE_COMPATIBLE_EXP   -o CMakeFiles/cmTryCompileExec106276489.dir/src.cxx.o -c /root/git/coreclr/bin/obj/Linux.x64.Debug/CMakeFiles/CMakeTmp/src.cxx
/root/git/coreclr/bin/obj/Linux.x64.Debug/CMakeFiles/CMakeTmp/src.cxx:14:7: error: use of undeclared identifier 'memcmp'
  if (memcmp (&d, &e, sizeof (double)) == 0) {
      ^
1 error generated.
make[1]: Leaving directory `/root/git/coreclr/bin/obj/Linux.x64.Debug/CMakeFiles/CMakeTmp'
make[1]: *** [CMakeFiles/cmTryCompileExec106276489.dir/src.cxx.o] Error 1
make: *** [cmTryCompileExec106276489/fast] Error 2

Return value: 1
Source file was:

#include <math.h>
#include <stdlib.h>

int main(void) {
  double d = exp(1.0), e = M_E;

  /* Used memcmp rather than == to test that the doubles are equal to
   prevent gcc's optimizer from using its 80 bit internal long
   doubles. If you use ==, then on BSD you get a false negative since
   exp(1.0) == M_E to 64 bits, but not 80.
  */

  if (memcmp (&d, &e, sizeof (double)) == 0) {
    exit(0);
  }
  exit(1);
}
Performing C++ SOURCE FILE Test FILE_OPS_CHECK_FERROR_OF_PREVIOUS_CALL failed with the following output:
Change Dir: /root/git/coreclr/bin/obj/Linux.x64.Debug/CMakeFiles/CMakeTmp

Run Build Command:/usr/bin/make "cmTryCompileExec3944936666/fast"
/usr/bin/make -f CMakeFiles/cmTryCompileExec3944936666.dir/build.make CMakeFiles/cmTryCompileExec3944936666.dir/build
make[1]: Entering directory `/root/git/coreclr/bin/obj/Linux.x64.Debug/CMakeFiles/CMakeTmp'
/usr/bin/cmake -E cmake_progress_report /root/git/coreclr/bin/obj/Linux.x64.Debug/CMakeFiles/CMakeTmp/CMakeFiles 1
Building CXX object CMakeFiles/cmTryCompileExec3944936666.dir/src.cxx.o
/usr/bin/clang++-3.5   -D_DEFAULT_SOURCE -D_FILE_OFFSET_BITS=64 -D_POSIX_C_SOURCE=200809L -Wall -Wno-null-conversion -std=c++11 -DFILE_OPS_CHECK_FERROR_OF_PREVIOUS_CALL   -o CMakeFiles/cmTryCompileExec3944936666.dir/src.cxx.o -c /root/git/coreclr/bin/obj/Linux.x64.Debug/CMakeFiles/CMakeTmp/src.cxx
/root/git/coreclr/bin/obj/Linux.x64.Debug/CMakeFiles/CMakeTmp/src.cxx:8:20: warning: ISO C++11 does not allow conversion from string literal to 'char *' [-Wwritable-strings]
  char *fileName = "/dev/zero";
                   ^
1 warning generated.
Linking CXX executable cmTryCompileExec3944936666
/usr/bin/cmake -E cmake_link_script CMakeFiles/cmTryCompileExec3944936666.dir/link.txt --verbose=1
/usr/bin/clang++-3.5    -Wall -Wno-null-conversion -std=c++11 -DFILE_OPS_CHECK_FERROR_OF_PREVIOUS_CALL    CMakeFiles/cmTryCompileExec3944936666.dir/src.cxx.o  -o cmTryCompileExec3944936666 -rdynamic 
make[1]: Leaving directory `/root/git/coreclr/bin/obj/Linux.x64.Debug/CMakeFiles/CMakeTmp'

Return value: 1
Source file was:

#include <stdio.h>
#include <stdlib.h>

int main()
{
  FILE *fp = NULL;
  char *fileName = "/dev/zero";
  char buf[10];

  /*
   * Open the file in append mode and try to read some text.
   * And, make sure ferror() is set.
   */
  fp = fopen (fileName, "a");
  if ( (NULL == fp) ||
       (fread (buf, sizeof(buf), 1, fp) > 0) ||
       (!ferror(fp))
     )
  {
    return 0;
  }

  /*
   * Now that ferror() is set, try to close the file.
   * If we get an error, we can conclude that this
   * fgets() depended on the previous ferror().
   */
  if ( fclose(fp) != 0 )
  {
    return 0;
  }

  return 1;
}
